  1.1380850E-05
  1.3941602E-05
  9.3678218E-06
  1.0623895E-05
  9.5097921E-06
  9.8459286E-06
  9.4533834E-06
  1.0825292E-05
  8.9730111E-06
  1.0285250E-05
  1.0789943E-05
  9.2112405E-06
  9.9557665E-06
  8.3745654E-06
  9.2488954E-06
  8.6447881E-06
  1.1021481E-05
  1.0283347E-05
  1.0252767E-05
  8.1222634E-06
  8.4178828E-06
  1.0064911E-05
  1.0481656E-05
  9.9869449E-06
  1.0352986E-05
  8.9741725E-06
  1.1330582E-05
  8.3592213E-06
  1.3067317E-05
  1.1934198E-05
  1.3413093E-05
  1.2835982E-05
  1.4292797E-05
  1.2025114E-05
  1.2149927E-05
  1.8966648E-05
  1.5917101E-05
  1.5588133E-05
  1.4567323E-05
  1.5035548E-05
  1.5715750E-05
  8.7639091E-06
  1.0302501E-05
  1.3379884E-05
  1.2724036E-05
  1.2452289E-05
  1.3172661E-05
  1.3039537E-05
  1.4041970E-05
  1.1408321E-05
  1.1346041E-05
  1.1402192E-05
  1.1422640E-05
  1.2007013E-05
  9.8015516E-06
  1.2735017E-05
  9.1583179E-06
  8.5381389E-06
  1.0439196E-05
  9.6713065E-06
  9.3082599E-06
  7.9604724E-06
  9.8987002E-06
  9.4954821E-06
  1.0894280E-05
  1.2000108E-05
  1.3081595E-05
  1.1743368E-05
  1.3846370E-05
  9.7606580E-06
  7.4149193E-06
  7.2754683E-06
  9.4035713E-06
  1.2173851E-05
  1.1220476E-05
  9.3750723E-06
  1.1824449E-05
  1.0949177E-05
  1.3125078E-05
  1.0382750E-05
  1.0981310E-05
  1.1199126E-05
  1.5143472E-05
  1.6816562E-05
  1.3277876E-05
  1.2620490E-05
  1.7244434E-05
  1.6136486E-05
  1.3098101E-05
  1.7148424E-05
  1.4393344E-05
  1.4479402E-05
  1.7502844E-05
  1.3179409E-05
  1.4121069E-05
  1.1373250E-05
  1.3082807E-05
  1.0519338E-05
  1.0253271E-05
  1.0640622E-05
  1.1412113E-05
  1.2153435E-05
  8.4827034E-06
  8.9699543E-06
  7.7862487E-06
  7.9845149E-06
  9.4508468E-06
  8.9698615E-06
  1.1649113E-05
  1.1812396E-05
  7.6293036E-06
  1.0707136E-05
  7.7279574E-06
  1.0733144E-05
  9.5701471E-06
  1.1115021E-05
  1.0299561E-05
  8.6677810E-06
  9.5288106E-06
  9.0794538E-06
  1.0940687E-05
  7.3708693E-06
  8.1823009E-06
  1.2640324E-05
  1.9674093E-05
  1.6036052E-05
  1.7250457E-05
  1.9613790E-05
  2.0688591E-05
  1.7808547E-05
  1.9216108E-05
  1.9285100E-05
  1.9561885E-05
  2.2717126E-05
  2.0518624E-05
  1.8264291E-05
  2.0805337E-05
  1.8787088E-05
  1.6897395E-05
  1.7659779E-05
  1.7335324E-05
  1.9039922E-05
  2.1294987E-05
  1.9925466E-05
  1.5083757E-05
  2.1150227E-05
  1.9929827E-05
  2.4107201E-05
  1.8474253E-05
  2.3256554E-05
  2.0773206E-05
  2.4307734E-05
  2.3894294E-05
  2.4178693E-05
  2.5632427E-05
  2.6849390E-05
  2.3938604E-05
  2.8569468E-05
  2.9754718E-05
  2.8829876E-05
  2.4393777E-05
  3.0674495E-05
  3.2057269E-05
  2.6840438E-05
  2.5660886E-05
  2.7831922E-05
  2.9831132E-05
  2.8184519E-05
  2.4766605E-05
  2.6784461E-05
  2.2152104E-05
  1.9824280E-05
  2.0328482E-05
  2.0970305E-05
  2.5074010E-05
  2.4098063E-05
  1.9540708E-05
  1.7661490E-05
  1.8599741E-05
  2.1387974E-05
  1.9598425E-05
  1.9729816E-05
  1.5648719E-05
  1.8107943E-05
  1.8247332E-05
  1.6853484E-05
  1.6569158E-05
  1.4830881E-05
  1.5033508E-05
  1.8073266E-05
  2.0700669E-05
  2.1767344E-05
  2.1107860E-05
  2.1050157E-05
  1.2506294E-05
  1.5389738E-05
  2.3192870E-05
  1.6825963E-05
  1.8509829E-05
  2.1811664E-05
  2.1424448E-05
  2.0107047E-05
  1.6927395E-05
  2.0524414E-05
  2.1942977E-05
  2.1011190E-05
  2.4217910E-05
  2.0120848E-05
  2.2764383E-05
  2.4862291E-05
  2.3649867E-05
  2.5019761E-05
  2.6917032E-05
  2.8266260E-05
  2.9396033E-05
  2.8280019E-05
  2.8022407E-05
  3.7138783E-05
  2.8992557E-05
  2.2303759E-05
  2.7507007E-05
  2.6645630E-05
  2.7609363E-05
  2.4860054E-05
  2.7119688E-05
  2.6408788E-05
  2.4700867E-05
  2.2045186E-05
  2.2425711E-05
  2.1976906E-05
  1.8826846E-05
  2.0961174E-05
  2.0020319E-05
  2.2376102E-05
  1.9937326E-05
  2.3003311E-05
  2.4244933E-05
  2.2964950E-05
  2.1795766E-05
  2.2720087E-05
  2.0428444E-05
  1.8328748E-05
  1.6154549E-05
  2.0319267E-05
  1.7760296E-05
  1.7360779E-05
  1.8482062E-05
  1.7448363E-05
  1.8226594E-05
  1.8197718E-05
  1.6995880E-05
  1.9921819E-05
  1.2839264E-05
  2.1514354E-05
  1.7201288E-05
  1.7701059E-05
  2.1174184E-05
  1.8060518E-05
  1.6528951E-05
  1.7776345E-05
  1.6945269E-05
  1.8512203E-05
  1.6197102E-05
  1.9491441E-05
  2.1000791E-05
  2.1660595E-05
  2.0082663E-05
  1.8546647E-05
  1.9291372E-05
  1.7567332E-05
  1.9958237E-05
  1.9524789E-05
  2.3642408E-05
  2.2691978E-05
  1.8385004E-05
  2.0380872E-05
  2.5610489E-05
  2.7432996E-05
  2.6172342E-05
  2.2918230E-05
  2.5832984E-05
  2.5523221E-05
  2.7097543E-05
  2.3670811E-05
  2.4587122E-05
  2.6121697E-05
  3.6454061E-05
  2.1862916E-05
  3.0302606E-05
  3.2816672E-05
  2.6995340E-05
  2.8841019E-05
  2.7456492E-05
  2.5150557E-05
  2.3940807E-05
  3.0313791E-05
  2.8266251E-05
  2.3181035E-05
  2.3131726E-05
  2.4620635E-05
  2.1413096E-05
  1.9665496E-05
  2.5963474E-05
  2.5129757E-05
  2.1718881E-05
  2.2272427E-05
  1.9749617E-05
  1.8378243E-05
  1.8448212E-05
  1.8277828E-05
  1.7758559E-05
  1.6311535E-05
  2.1116683E-05
  2.0371312E-05
  1.9075500E-05
  2.0489682E-05
  1.5657824E-05
  1.8709772E-05
  2.0173951E-05
  1.5601836E-05
  1.7425889E-05
  2.3875100E-05
  2.3636821E-05
  1.9238223E-05
  1.6478460E-05
  1.9877247E-05
  2.0643372E-05
  1.6712727E-05
  1.8637273E-05
  1.8905126E-05
  1.9898383E-05
  2.5671998E-05
  2.2741415E-05
  2.0281788E-05
  2.1063053E-05
  2.1598044E-05
  2.3224438E-05
  2.1945747E-05
  2.4016530E-05
  2.3413417E-05
  2.5824604E-05
  2.3778619E-05
  2.6907150E-05
  2.5174848E-05
  2.9297460E-05
  3.2170970E-05
  3.2067193E-05
  3.4926547E-05
  2.4497476E-05
  2.7664031E-05
  2.7201198E-05
  3.0385885E-05
  3.1451251E-05
  2.6979205E-05
  2.8505423E-05
  2.6901907E-05
  2.9437606E-05
  2.5684305E-05
  2.4904961E-05
  2.4732100E-05
  2.1465617E-05
  2.3247658E-05
  2.1273863E-05
  2.1754544E-05
  2.2610384E-05
  1.7731862E-05
  2.0157991E-05
  2.2209910E-05
  1.9917552E-05
  2.3739767E-05
  2.1642947E-05
  1.8337403E-05
  1.8835186E-05
  2.0693171E-05
  1.5311705E-05
  1.8673523E-05
  1.6715143E-05
  1.7928231E-05
  1.8203405E-05
  2.1700354E-05
  2.1314187E-05
  2.1676527E-05
  2.2682088E-05
  1.3709913E-05
  1.5814587E-05
  1.7616663E-05
  2.0032712E-05
  1.3595841E-05
  1.7648790E-05
  1.9388232E-05
  1.9717028E-05
  1.6476821E-05
  1.6065707E-05
  1.7407743E-05
  1.6867991E-05
  1.8070383E-05
  1.6804077E-05
  1.9188619E-05
  1.8339142E-05
  2.4781861E-05
  2.0536418E-05
  1.7528128E-05
  1.9694393E-05
  2.6295322E-05
  2.1247650E-05
  2.5133573E-05
  2.2146298E-05
  2.1704929E-05
  2.1581991E-05
  2.2894239E-05
  2.5481286E-05
  2.4602363E-05
  2.4786119E-05
  2.6189407E-05
  2.8865887E-05
  2.9882822E-05
  2.5309067E-05
  2.9255370E-05
  3.1971824E-05
  2.6876574E-05
  2.3912218E-05
  3.2800577E-05
  2.9957928E-05
  3.0090710E-05
  3.0402289E-05
  2.5420402E-05
  2.6761951E-05
  2.6203199E-05
  2.7256727E-05
  2.8912003E-05
  2.7400800E-05
  2.4603076E-05
  2.3435327E-05
  1.7639404E-05
  2.3368602E-05
  2.4254567E-05
  2.4790264E-05
  2.4303303E-05
  2.1306680E-05
  2.3708668E-05
  2.4650850E-05
  1.8515282E-05
  2.0868261E-05
  1.9101639E-05
  1.6427157E-05
  1.8475270E-05
  1.6388485E-05
  1.6149979E-05
  1.8261475E-05
  1.5736428E-05
  1.8310793E-05
  2.0145890E-05
  1.4012800E-05
  1.7925182E-05
  1.9699426E-05
  1.9362729E-05
  2.5577530E-05
  1.7165759E-05
  1.5694182E-05
  1.6420167E-05
  2.2718823E-05
  2.4089442E-05
  1.8514442E-05
  1.9547293E-05
  2.2004486E-05
  2.1648133E-05
  2.1562890E-05
  2.1049402E-05
  1.9865351E-05
  1.9868075E-05
  2.2617145E-05
  2.5495228E-05
  2.3141081E-05
  2.2315136E-05
  2.2921295E-05
  2.6060126E-05
  2.4794785E-05
  2.4940142E-05
  2.6510956E-05
  3.3295961E-05
  2.6933227E-05
  3.0982435E-05
  2.8386801E-05
  3.2924880E-05
  2.9273389E-05
  3.0312231E-05
  2.4589050E-05
  2.8462006E-05
  2.8733477E-05
  2.5741552E-05
  2.4661131E-05
  2.6749600E-05
  2.8007458E-05
  2.1674652E-05
  2.5070933E-05
  2.2827791E-05
  2.0831631E-05
  2.2576063E-05
  2.3445640E-05
  1.6509368E-05
  1.9794903E-05
  1.6587339E-05
  2.2972950E-05
  2.3073775E-05
  2.4673978E-05
  2.1707034E-05
  1.9670559E-05
  1.9985015E-05
  2.1120890E-05
  2.0993040E-05
  2.3020466E-05
  2.2341781E-05
  1.9186735E-05
  1.6997044E-05
  1.9188225E-05
  1.6176213E-05
  1.6141346E-05
  1.7434626E-05
  1.6167143E-05
  2.2623606E-05
  1.7644137E-05
  1.6067634E-05
  1.6613452E-05
  1.9004616E-05
  1.7570408E-05
  1.9041227E-05
  1.9012705E-05
  1.9795350E-05
  1.8765873E-05
  2.0909294E-05
  2.0147101E-05
  1.8655066E-05
  2.0845195E-05
  1.7694452E-05
  2.1720547E-05
  2.1007272E-05
  1.9450525E-05
  1.8733299E-05
  1.8694216E-05
  2.6563990E-05
  2.3397684E-05
  1.9621213E-05
  1.8959507E-05
  2.3140565E-05
  2.2228069E-05
  2.4193643E-05
  2.2099654E-05
  1.9450938E-05
  2.2528531E-05
  2.4373616E-05
  2.5176598E-05
  2.6275040E-05
  2.7245957E-05
  2.6879077E-05
  2.8864020E-05
  2.8262000E-05
  2.6175690E-05
  2.8219089E-05
  3.3516204E-05
  2.9821929E-05
  2.6030948E-05
  2.9557019E-05
  2.4529894E-05
  2.5398183E-05
  2.9596744E-05
  2.6055308E-05
  2.5291636E-05
  2.4997385E-05
  2.3600292E-05
  2.4344134E-05
  2.3173794E-05
  2.0490575E-05
  2.3555707E-05
  2.3779667E-05
  2.4896612E-05
  2.1469732E-05
  2.1213311E-05
  1.8386321E-05
  2.0036920E-05
  1.7741204E-05
  2.0233632E-05
  1.8670347E-05
  1.7988968E-05
  2.0131896E-05
  1.9995374E-05
  2.0581036E-05
  1.9883990E-05
  1.5608495E-05
  1.8806521E-05
  1.9219382E-05
  1.6610722E-05
  1.8720179E-05
  1.9092829E-05
  2.2818944E-05
  1.7025885E-05
  1.7621707E-05
  1.5875712E-05
  1.9577908E-05
  1.6686914E-05
  1.9847746E-05
  1.7097011E-05
  2.0844118E-05
  1.5662650E-05
  1.8759549E-05
  2.2119506E-05
  1.8536181E-05
  2.1801587E-05
  1.9841451E-05
  2.1685415E-05
  2.2217655E-05
  2.2638033E-05
  2.2979148E-05
  2.5305924E-05
  2.3584551E-05
  2.5892956E-05
  2.3321873E-05
  2.5586058E-05
  2.6732281E-05
  2.3591258E-05
  3.0055082E-05
  3.3261455E-05
  2.5484336E-05
  2.3558641E-05
  2.8408453E-05
  2.7903738E-05
  2.8684241E-05
  2.8216111E-05
  2.9531107E-05
  2.6811631E-05
  2.2620023E-05
  2.7798629E-05
  2.7775077E-05
  2.3208577E-05
  2.4518295E-05
  2.5553660E-05
  2.1408516E-05
  1.9311172E-05
  2.2969578E-05
  2.0083062E-05
  1.8950981E-05
  1.7636548E-05
  1.9944058E-05
  2.2564407E-05
  1.8284400E-05
  2.3275743E-05
  1.6252327E-05
  2.0625768E-05
  1.8213403E-05
  2.0877260E-05
  2.2188027E-05
  2.0010728E-05
  1.6495886E-05
  1.7194543E-05
  1.8018476E-05
  1.7872564E-05
  1.8282120E-05
  2.2727958E-05
  2.0559319E-05
  1.6129219E-05
  1.7500310E-05
  1.9787629E-05
  1.7004635E-05
  1.7489085E-05
  1.7664630E-05
  2.0355412E-05
  2.0194015E-05
  1.9341602E-05
  1.8511382E-05
  1.6848651E-05
  1.9913932E-05
  2.3625040E-05
  1.7118431E-05
  2.2491771E-05
  1.6965721E-05
  2.0638987E-05
  1.9157507E-05
  2.1408967E-05
  1.8903123E-05
  1.9378796E-05
  2.3751147E-05
  2.0482486E-05
  2.3048075E-05
  2.2489226E-05
  2.5167426E-05
  2.5093670E-05
  2.2788789E-05
  2.4540454E-05
  2.5637217E-05
  2.4251143E-05
  2.7099592E-05
  2.5251440E-05
  2.7145004E-05
  2.2673370E-05
  2.6522788E-05
  2.6683607E-05
  2.6864047E-05
  2.4771885E-05
  3.0456855E-05
  2.8556748E-05
  2.8373855E-05
  2.8817267E-05
  2.9596567E-05
  2.5676767E-05
  2.9014325E-05
  2.8226199E-05
  2.9832203E-05
  3.0853047E-05
  2.6411228E-05
  2.3838986E-05
  2.2563559E-05
  2.3065908E-05
  2.5678592E-05
  2.2293105E-05
  2.6610409E-05
  2.1879780E-05
  2.1573738E-05
  2.1081973E-05
  2.1058615E-05
  2.1009853E-05
  2.2868937E-05
  2.1079983E-05
  1.9158779E-05
  2.0988295E-05
  1.9155785E-05
  1.7818380E-05
  1.8119188E-05
  1.8959110E-05
  1.9266663E-05
  1.8238621E-05
  1.7552607E-05
  2.0209323E-05
  1.7148883E-05
  2.0515816E-05
  1.6148191E-05
  1.5798971E-05
  1.5716840E-05
  1.7301856E-05
  2.1388743E-05
  1.5931406E-05
  1.9554558E-05
  2.1728316E-05
  1.7149343E-05
  1.6650218E-05
  2.1060043E-05
  1.9293899E-05
  1.5589403E-05
  2.2753604E-05
  2.0562524E-05
  2.4044441E-05
  2.2458145E-05
  2.3121127E-05
  2.6157712E-05
  2.7320602E-05
  2.4567256E-05
  2.3590608E-05
  2.4620535E-05
  2.7237884E-05
  3.0067447E-05
  2.7735645E-05
  2.3437031E-05
  2.4010937E-05
  2.6114774E-05
  3.2396649E-05
  2.8071468E-05
  3.1574495E-05
  2.7006030E-05
  3.2890559E-05
  3.1409661E-05
  3.0288000E-05
  2.5809259E-05
  2.7562368E-05
  2.8503950E-05
  2.3342265E-05
  2.5585701E-05
  2.4142026E-05
  2.4283183E-05
  2.5901285E-05
  2.1393156E-05
  2.0753147E-05
  2.0237101E-05
  2.2319311E-05
  2.0021918E-05
  2.4364390E-05
  2.2879656E-05
  1.9564943E-05
  1.9366755E-05
  2.1650099E-05
  1.8755478E-05
  1.7300606E-05
  2.0205891E-05
  1.9986162E-05
  2.1880665E-05
  2.1378664E-05
  1.8259707E-05
  1.8879446E-05
  1.9128978E-05
  1.8807754E-05
  1.4640904E-05
  2.1735959E-05
  2.1158152E-05
  2.1337197E-05
  1.9530095E-05
  1.8440542E-05
  1.9750614E-05
  1.7723987E-05
  1.8989102E-05
  1.7004835E-05
  2.2910282E-05
  1.9323854E-05
  2.0888914E-05
  2.1668911E-05
  1.9720963E-05
  1.5343077E-05
  1.7686925E-05
  2.0548556E-05
  2.1290931E-05
  2.4191897E-05
  1.8308881E-05
  2.0581641E-05
  1.7958280E-05
  2.1049776E-05
  1.8121038E-05
  1.5380600E-05
  2.0321180E-05
  1.8110532E-05
  1.7910595E-05
  2.0453603E-05
  2.1479314E-05
  2.0990536E-05
  2.3640523E-05
  2.6284897E-05
  2.4651832E-05
  2.5002308E-05
  2.4158215E-05
  2.5585607E-05
  2.2358152E-05
  2.2425780E-05
  2.5236983E-05
  2.5053785E-05
  3.3057542E-05
  2.9631492E-05
  3.0284893E-05
  3.1626529E-05
  2.4502420E-05
  2.6142490E-05
  2.7558495E-05
  3.0429504E-05
  3.0949363E-05
  2.6783448E-05
  2.9335613E-05
  2.8036389E-05
  3.1239699E-05
  2.8219782E-05
  2.5859519E-05
  2.7057642E-05
  2.3375655E-05
  2.4124998E-05
  2.1848167E-05
  2.4161651E-05
  2.0017531E-05
  2.5013340E-05
  2.3856275E-05
  2.3140508E-05
  2.0866653E-05
  1.9032015E-05
  1.9002136E-05
  1.7802824E-05
  2.3203884E-05
  1.9092242E-05
  1.8934052E-05
  1.9494695E-05
  1.7677661E-05
  1.9737063E-05
  1.8112525E-05
  1.9405617E-05
  1.7199216E-05
  1.6570169E-05
  1.8412473E-05
  2.3179613E-05
  1.9158808E-05
  1.7305108E-05
  1.6829243E-05
  1.7339669E-05
  1.8815228E-05
  1.7880348E-05
  1.9484847E-05
  1.6254706E-05
  1.4568041E-05
  1.6050864E-05
  1.9096988E-05
  1.9080579E-05
  2.0085326E-05
  2.1403279E-05
  2.0909283E-05
  2.1968397E-05
  2.0866199E-05
  2.0559321E-05
  2.6899252E-05
  2.0529056E-05
  2.5014184E-05
  2.5624015E-05
  2.4366454E-05
  2.6343401E-05
  3.0666644E-05
  2.8211838E-05
  2.9095127E-05
  2.3825038E-05
  2.5771673E-05
  3.0185462E-05
  3.0485800E-05
  3.0374420E-05
  3.8037284E-05
  2.9930459E-05
  2.3784962E-05
  2.8669092E-05
  3.0812858E-05
  3.3932229E-05
  2.8614146E-05
  2.8234803E-05
  2.3453576E-05
  2.5094931E-05
  2.7166614E-05
  2.4278064E-05
  2.4907002E-05
  2.6045160E-05
  2.1664706E-05
  1.9284005E-05
  2.3715222E-05
  2.2685099E-05
  2.4800895E-05
  2.1890197E-05
  1.8376066E-05
  1.7987943E-05
  1.9252309E-05
  2.2574468E-05
  1.8333276E-05
  2.2809791E-05
  2.3535997E-05
  2.0911399E-05
  1.9561279E-05
  2.1378615E-05
  1.9253264E-05
  2.0655816E-05
  1.6032620E-05
  1.6577907E-05
  1.9255966E-05
  1.9740510E-05
  2.0272342E-05
  2.1222666E-05
  2.1773647E-05
  1.9875108E-05
  1.5996829E-05
  1.7139439E-05
  1.7502980E-05
  1.5098380E-05
  1.9811256E-05
  1.8735929E-05
  1.6261685E-05
  2.1450272E-05
  1.8163872E-05
  2.2103310E-05
  1.8014785E-05
  2.3311091E-05
  2.1400803E-05
  2.2751523E-05
  2.4194031E-05
  2.1045287E-05
  2.3582006E-05
  2.0227100E-05
  2.1040321E-05
  2.1932110E-05
  2.1259784E-05
  2.4854895E-05
  2.2254004E-05
  1.8781991E-05
  2.4401395E-05
  2.4987025E-05
  2.1204334E-05
  2.3798248E-05
  2.5267122E-05
  2.4049923E-05
  2.2417040E-05
  2.2653394E-05
  2.0683608E-05
  2.4755220E-05
  3.0346731E-05
  2.6944979E-05
  2.7893921E-05
  3.2892895E-05
  2.6804008E-05
  2.9034336E-05
  2.7041971E-05
  2.9894116E-05
  2.7158427E-05
  2.1115160E-05
  2.5784177E-05
  3.6752477E-05
  3.0391062E-05
  3.2493874E-05
  2.8165885E-05
  2.4672610E-05
  3.0680763E-05
  2.8487888E-05
  2.7511254E-05
  2.4095129E-05
  2.6593607E-05
  2.4250614E-05
  2.6656098E-05
  2.1746053E-05
  2.1073673E-05
  2.3407427E-05
  2.2177794E-05
  1.9013300E-05
  1.9787134E-05
  2.0729703E-05
  2.0001660E-05
  1.9928151E-05
  2.4057475E-05
  2.4121327E-05
  2.1872982E-05
  1.8167964E-05
  1.7186438E-05
  2.2929635E-05
  1.8943161E-05
  1.6283753E-05
  1.5996917E-05
  1.7255157E-05
  2.0076917E-05
  1.1734503E-05
  1.5815838E-05
  1.5368059E-05
  1.7302866E-05
  1.5962445E-05
  1.9589208E-05
  1.8860750E-05
  1.7352475E-05
  2.2884369E-05
  2.0613601E-05
  2.0331601E-05
  2.0355757E-05
  2.0723921E-05
  1.8864557E-05
  1.7901750E-05
  1.9544901E-05
  2.1536765E-05
  2.1386517E-05
  1.8457797E-05
  2.0970685E-05
  2.1038975E-05
  2.6570237E-05
  2.4176348E-05
  2.5248570E-05
  2.1137259E-05
  2.7887318E-05
  2.9606104E-05
  3.0107227E-05
  2.8803259E-05
  2.1996482E-05
  2.9816565E-05
  3.2648430E-05
  2.8869126E-05
  3.3949324E-05
  2.5699173E-05
  3.1558076E-05
  3.2609405E-05
  2.7280692E-05
  2.5514164E-05
  3.0154908E-05
  2.6142803E-05
  2.7657235E-05
  2.6153501E-05
  2.1750602E-05
  2.3405866E-05
  2.3984521E-05
  2.6296586E-05
  2.3291572E-05
  2.8517425E-05
  2.1373606E-05
  2.1826336E-05
  2.2809814E-05
  2.2274462E-05
  2.2340622E-05
  2.2624989E-05
  1.6449598E-05
  2.2077662E-05
  2.1436201E-05
  2.3317178E-05
  1.8445477E-05
  1.8975499E-05
  1.7891527E-05
  2.0161133E-05
  1.8543918E-05
  2.0206671E-05
  1.8681159E-05
  2.0120577E-05
  1.7787068E-05
  2.2097802E-05
  1.7529133E-05
  1.4648523E-05
  1.4496667E-05
  1.3533268E-05
  1.9026884E-05
  1.5168085E-05
  2.2385533E-05
  1.1727870E-05
  2.0877738E-05
  1.9808920E-05
  1.9566294E-05
  2.0248548E-05
  1.8446952E-05
  1.9612015E-05
  1.7144499E-05
  1.4723506E-05
  1.8982104E-05
  2.0625350E-05
  1.9820593E-05
  1.6669530E-05
  1.9950998E-05
  1.9228659E-05
  1.8497160E-05
  2.0025927E-05
  1.9710000E-05
  2.5912082E-05
  2.3323091E-05
  2.1836870E-05
  2.3959839E-05
  2.4454986E-05
  1.9961950E-05
  2.1816206E-05
  2.5379761E-05
  2.6614025E-05
  2.4377629E-05
  2.4665069E-05
  2.8039029E-05
  2.1123080E-05
  2.7980041E-05
  2.4549212E-05
  2.8295588E-05
  2.7924149E-05
  3.0172885E-05
  3.2356511E-05
  2.4809930E-05
  2.7382224E-05
  2.9191113E-05
  2.9385037E-05
  2.8369996E-05
  3.2717759E-05
  3.6272904E-05
  3.2107844E-05
  2.5118383E-05
  3.0195391E-05
  2.9836616E-05
  2.5127692E-05
  2.7119640E-05
  3.0796495E-05
  2.8354043E-05
  2.6687234E-05
  2.3014878E-05
  2.1632724E-05
  2.6969547E-05
  2.5725756E-05
  2.6398096E-05
  2.2783404E-05
  2.3391645E-05
  2.5115192E-05
  2.1631737E-05
  1.8989955E-05
  2.3596052E-05
  2.0891763E-05
  1.9601988E-05
  1.8675591E-05
  2.1150548E-05
  2.0152871E-05
  2.0352372E-05
  1.8055520E-05
  2.0258620E-05
  1.6752407E-05
  1.8552390E-05
  2.0981694E-05
  2.0729507E-05
  1.8704806E-05
  1.0997997E-05
  1.7278566E-05
  1.5144000E-05
  1.6834658E-05
  1.9296447E-05
  1.7303009E-05
  1.5219798E-05
  2.4946801E-05
  1.7491837E-05
  1.8152668E-05
  2.0523692E-05
  2.1680973E-05
  2.1261571E-05
  2.1820340E-05
  2.0377622E-05
  1.9261479E-05
  1.8464558E-05
  2.2805680E-05
  1.6335582E-05
  1.8561206E-05
  1.8740833E-05
  2.0829671E-05
  2.4143832E-05
  2.6679005E-05
  2.4657371E-05
  2.6260141E-05
  2.3249773E-05
  2.4869179E-05
  3.0398880E-05
  2.9322058E-05
  2.4329996E-05
  2.6872891E-05
  3.1338757E-05
  2.7984512E-05
  2.9735844E-05
  2.9066618E-05
  3.2938275E-05
  2.3190234E-05
  2.7309805E-05
  2.8328946E-05
  2.9797366E-05
  2.3965471E-05
  2.8520404E-05
  2.5968340E-05
  2.8473907E-05
  2.9569754E-05
  2.4146480E-05
  2.6006699E-05
  2.7263590E-05
  2.5477460E-05
  1.9775782E-05
  2.2690630E-05
  2.4481393E-05
  2.1672924E-05
  2.0607060E-05
  1.9093699E-05
  1.8810604E-05
  2.2841861E-05
  2.3431188E-05
  2.1809026E-05
  2.2320717E-05
  2.2034801E-05
  1.8034449E-05
  2.1430333E-05
  1.8666800E-05
  2.0028838E-05
  2.1102287E-05
  2.3166911E-05
  1.7200777E-05
  2.2433571E-05
  2.1240088E-05
  2.0353635E-05
  1.7448783E-05
  2.0011676E-05
  1.9861069E-05
  2.1606087E-05
  2.2441343E-05
  2.3817893E-05
  1.6877992E-05
  1.7199460E-05
  1.6002457E-05
  1.9732879E-05
  2.1316677E-05
  1.7936458E-05
  2.1678399E-05
  1.7020713E-05
  1.6344460E-05
  1.7480625E-05
  2.0139369E-05
  1.9957513E-05
  2.3079068E-05
  2.1781043E-05
  2.0428937E-05
  2.0453914E-05
  1.9031266E-05
  1.9682422E-05
  2.1465130E-05
  1.8498038E-05
  2.1213948E-05
  1.8834664E-05
  2.1724249E-05
  2.2814267E-05
  2.1269607E-05
  2.1599872E-05
  2.6171039E-05
  2.6928186E-05
  2.3582919E-05
  2.4046863E-05
  2.3187304E-05
  2.5467229E-05
  2.6165046E-05
  2.5403448E-05
  2.4317598E-05
  2.6576306E-05
  2.4556806E-05
  2.5444244E-05
  2.6788128E-05
  2.5839783E-05
  2.6354584E-05
  2.8260416E-05
  3.0691066E-05
  2.9654284E-05
  3.2218479E-05
  2.8350147E-05
  2.9774079E-05
  3.6058900E-05
  2.8173581E-05
  2.9436942E-05
  2.6335703E-05
  2.4276733E-05
  3.0918614E-05
  2.8251761E-05
  2.7046233E-05
  2.7120179E-05
  2.4683521E-05
  2.7544003E-05
  2.4798719E-05
  2.7914090E-05
  2.3513436E-05
  2.3309740E-05
  2.2889293E-05
  2.0624131E-05
  2.0579691E-05
  1.8853814E-05
  1.8456349E-05
  2.1394504E-05
  2.0688985E-05
  1.6861224E-05
  1.7944321E-05
  1.7865323E-05
  1.9916239E-05
  2.0081810E-05
  1.9013029E-05
  1.8494005E-05
  1.3940346E-05
  1.6686225E-05
  1.7628437E-05
  2.3303990E-05
  1.9757015E-05
  1.6002927E-05
  1.7600118E-05
  1.7368722E-05
  1.4223141E-05
  1.4273348E-05
  2.3227725E-05
  1.6990263E-05
  1.8572833E-05
  1.8125784E-05
  2.3731385E-05
  2.2909329E-05
  1.8746658E-05
  1.7828219E-05
  1.7940298E-05
  1.8521938E-05
  2.0836127E-05
  2.2322036E-05
  1.8710200E-05
  2.3617453E-05
  2.1381713E-05
  2.4370478E-05
  2.3557206E-05
  2.4007852E-05
  2.5482725E-05
  2.3716362E-05
  2.7161752E-05
  2.9599842E-05
  2.7998902E-05
  2.8496659E-05
  2.7695651E-05
  2.5734522E-05
  3.0011495E-05
  3.2802571E-05
  3.0008328E-05
  2.6003643E-05
  3.0798408E-05
  3.1567364E-05
  2.7199183E-05
  3.1276821E-05
  3.3279335E-05
  2.8762672E-05
  2.7628979E-05
  2.5882251E-05
  2.4444596E-05
  2.5650354E-05
  2.5924070E-05
  2.3895163E-05
  2.1477079E-05
  2.3717232E-05
  2.5466050E-05
  2.4615194E-05
  2.5673031E-05
  2.7511685E-05
  2.3252720E-05
  2.2858823E-05
  2.1377708E-05
  2.0379475E-05
  2.2677705E-05
  2.1983989E-05
  2.3964316E-05
  2.2512215E-05
  2.0147008E-05
  1.8280643E-05
  1.6709633E-05
  2.1709460E-05
  2.0095638E-05
  1.7779508E-05
  2.0087826E-05
  2.0350877E-05
  1.7606597E-05
  1.6932358E-05
  1.9356414E-05
  1.9341414E-05
  1.7858407E-05
  2.2671300E-05
  1.9829358E-05
  2.0323716E-05
  2.2359316E-05
  1.6643678E-05
  2.0813119E-05
  2.2923432E-05
  1.5396499E-05
  2.0645752E-05
  1.9100467E-05
  1.9065272E-05
  1.8403638E-05
  1.6359958E-05
  2.2279524E-05
  2.1111335E-05
  1.8142939E-05
  2.1604101E-05
  2.2209195E-05
  2.2637687E-05
  2.1129221E-05
  1.8718058E-05
  1.8727349E-05
  1.9177891E-05
  2.1598391E-05
  2.1218970E-05
  1.9199319E-05
  2.5844956E-05
  2.2688388E-05
  1.9316612E-05
  2.3287928E-05
  2.1410149E-05
  2.3298286E-05
  2.1236288E-05
  2.2891256E-05
  2.0904688E-05
  2.4885403E-05
  2.1951038E-05
  2.5337838E-05
  2.6826785E-05
  2.4422041E-05
  2.4966206E-05
  2.4011259E-05
  2.6564605E-05
  2.9125544E-05
  2.8858371E-05
  2.6237378E-05
  3.1793559E-05
  3.4957393E-05
  3.0087918E-05
  2.9606852E-05
  3.2001797E-05
  3.2753491E-05
  3.1638119E-05
  2.4850407E-05
  2.8733033E-05
  2.8172733E-05
  3.4861056E-05
  2.7181488E-05
  2.8845216E-05
  2.6897187E-05
  2.4750721E-05
  2.8348526E-05
  2.9403216E-05
  2.4814795E-05
  2.4964931E-05
  2.2225864E-05
  2.6265905E-05
  2.0895683E-05
  2.3601608E-05
  2.1895790E-05
  2.1806816E-05
  2.1024898E-05
  1.9944506E-05
  1.9857018E-05
  1.9490235E-05
  1.7926524E-05
  1.7179871E-05
  1.6739086E-05
  1.9269950E-05
  1.9770452E-05
  1.5728898E-05
  1.8327422E-05
  1.8671013E-05
  1.7447695E-05
  2.0943113E-05
  1.7141765E-05
  2.0088375E-05
  1.5774885E-05
  1.4850199E-05
  1.7351620E-05
  1.8348006E-05
  1.5036702E-05
  1.5466978E-05
  1.5834725E-05
  1.7585566E-05
  1.5918511E-05
  1.5848791E-05
  1.9431458E-05
  1.9594121E-05
  2.1345277E-05
  1.8384873E-05
  1.9232762E-05
  2.1597312E-05
  2.1535918E-05
  1.9655214E-05
  2.4480496E-05
  2.0511407E-05
  2.0642889E-05
  2.0753301E-05
  2.1609127E-05
  2.0506461E-05
  2.6182433E-05
  2.6793872E-05
  2.2343314E-05
  3.2110682E-05
  2.4796673E-05
  2.4311797E-05
  2.5836311E-05
  3.3118322E-05
  3.2587104E-05
  3.6074278E-05
  3.0560543E-05
  3.0145507E-05
  2.9352817E-05
  3.1001193E-05
  2.5767402E-05
  3.2193755E-05
  3.3718505E-05
  3.1219250E-05
  3.4201599E-05
  3.3614120E-05
  2.7911410E-05
  2.5088115E-05
  2.6376712E-05
  2.8488781E-05
  2.8726099E-05
  2.8901539E-05
  2.4997338E-05
  2.4399877E-05
  2.2920727E-05
  2.4207080E-05
  2.4338220E-05
  2.1383243E-05
  2.3738921E-05
  2.4854200E-05
  1.8940806E-05
  2.3999344E-05
  2.2695556E-05
  2.1283719E-05
  2.1624684E-05
  1.9053055E-05
  1.8808605E-05
  1.7797103E-05
  1.8186600E-05
  1.9561117E-05
  1.7676441E-05
  2.0404124E-05
  2.0670186E-05
  1.9459574E-05
  1.6885548E-05
  1.9970004E-05
  1.8342005E-05
  1.9504465E-05
  2.2219758E-05
  1.9950765E-05
  1.6220161E-05
  1.8978662E-05
  1.9363166E-05
  1.7963655E-05
  1.6130991E-05
  1.4840796E-05
  2.2769815E-05
  1.8711360E-05
  2.1573433E-05
  2.2689537E-05
  2.0954170E-05
  1.6173815E-05
  1.9530593E-05
  2.0956513E-05
  2.2608785E-05
  2.0472829E-05
  2.2520950E-05
  1.9395291E-05
  2.1882321E-05
  1.9228415E-05
  1.6985572E-05
  2.1794218E-05
  2.2198561E-05
  2.2790729E-05
  1.8753377E-05
  1.6023287E-05
  1.9519373E-05
  2.0872400E-05
  2.0934456E-05
  2.2720411E-05
  2.4439287E-05
  2.4511835E-05
  2.3224851E-05
  2.5620426E-05
  2.3423219E-05
  2.2892707E-05
  2.3734387E-05
  2.4673094E-05
  2.5764071E-05
  2.9695484E-05
  2.7926593E-05
  2.6735095E-05
  2.7051425E-05
  2.6891785E-05
  3.1476538E-05
  2.9756997E-05
  2.7382208E-05
  2.4806210E-05
  3.3962984E-05
  3.7405716E-05
  2.7443682E-05
  2.8070303E-05
  3.3966575E-05
  3.4976994E-05
  3.1080293E-05
  3.0200757E-05
  2.9282828E-05
  2.6976388E-05
  2.6955637E-05
  3.1290296E-05
  3.3226570E-05
  2.5049238E-05
  2.3977624E-05
  2.8111865E-05
  2.0654328E-05
  1.8885668E-05
  2.2265307E-05
  2.3451235E-05
  2.4666737E-05
  2.3517059E-05
  2.1049142E-05
  1.9506750E-05
  2.3098468E-05
  1.7921830E-05
  2.1162070E-05
  2.2483006E-05
  1.9711799E-05
  1.8002132E-05
  1.4778015E-05
  1.8917364E-05
  1.5751479E-05
  1.5984968E-05
  1.3464546E-05
  1.3072752E-05
  1.7864015E-05
  1.6750178E-05
  1.6832622E-05
  1.8333731E-05
  2.1008036E-05
  1.5583291E-05
  1.7500433E-05
  2.0800195E-05
  1.6825417E-05
  2.1224028E-05
  1.8227796E-05
  2.0459289E-05
  2.0258463E-05
  1.6754586E-05
  1.6443269E-05
  1.4085947E-05
  1.7917233E-05
  1.7253738E-05
  2.1136564E-05
  1.7352646E-05
  1.9977111E-05
  2.2367083E-05
  2.2435650E-05
  2.3386492E-05
  1.9310148E-05
  2.2564678E-05
  2.3468803E-05
  2.1414433E-05
  2.3094415E-05
  2.0352278E-05
  2.1921740E-05
  2.4298342E-05
  1.7797052E-05
  2.5615656E-05
  2.6057471E-05
  2.6111808E-05
  3.1887332E-05
  2.4772067E-05
  3.0357516E-05
  3.3406570E-05
  3.4512144E-05
  3.3266551E-05
  3.9675251E-05
  3.0542680E-05
  3.1781310E-05
  3.2325301E-05
  3.3219247E-05
  2.2839700E-05
  3.1815489E-05
  3.3230990E-05
  3.1766307E-05
  2.7793989E-05
  2.7611917E-05
  3.1356118E-05
  2.4987783E-05
  2.3515124E-05
  2.4522386E-05
  2.3954577E-05
  2.2162558E-05
  2.2496972E-05
  2.1461316E-05
  2.3605427E-05
  2.4811381E-05
  2.4851510E-05
  2.3861108E-05
  2.1931834E-05
  2.0221420E-05
  1.8181494E-05
  1.9834430E-05
  2.0063593E-05
  1.8991512E-05
  2.0750907E-05
  2.0428279E-05
  1.9367419E-05
  1.9959376E-05
  2.2472601E-05
  2.1580214E-05
  2.1752647E-05
  1.7319588E-05
  2.0097892E-05
  1.8587840E-05
  1.6193600E-05
  1.5655842E-05
  1.7235971E-05
  1.7664868E-05
  1.6968204E-05
  1.7964690E-05
  2.2817370E-05
  1.8907533E-05
  1.6038362E-05
  1.7476717E-05
  1.6607415E-05
  2.1061414E-05
  2.0654397E-05
  2.2346227E-05
  2.0025249E-05
  2.1878708E-05
  2.0972373E-05
  1.9927567E-05
  2.4298890E-05
  1.7558716E-05
  2.0586143E-05
  2.2331997E-05
  2.2136832E-05
  1.7982020E-05
  1.9189252E-05
  2.7585584E-05
  2.2878552E-05
  2.0486876E-05
  2.1509062E-05
  2.1777088E-05
  1.7078739E-05
  2.0285679E-05
  2.0981255E-05
  1.9316805E-05
  1.9644898E-05
  2.2506494E-05
  2.2242693E-05
  2.5066989E-05
  2.3493931E-05
  2.2323920E-05
  2.3797948E-05
  2.4161885E-05
  2.5212119E-05
  2.6783337E-05
  2.5617284E-05
  2.7662034E-05
  2.5347543E-05
  2.5290348E-05
  2.4927020E-05
  2.5723883E-05
  2.7207538E-05
  3.0552615E-05
  2.6889147E-05
  3.0119061E-05
  2.9410830E-05
  3.0971900E-05
  3.3650096E-05
  3.1288400E-05
  3.1447493E-05
  3.0592186E-05
  2.6522532E-05
  3.2107739E-05
  2.7958187E-05
  2.5838297E-05
  2.3697094E-05
  2.8893488E-05
  2.5424031E-05
  2.6759750E-05
  2.4691191E-05
  2.6451944E-05
  2.2909227E-05
  2.2075119E-05
  2.1843822E-05
  2.3813112E-05
  2.1319058E-05
  2.0573718E-05
  2.2815662E-05
  2.0114947E-05
  2.1349750E-05
  2.2542234E-05
  1.8647730E-05
  1.6539585E-05
  2.0005264E-05
  2.0438587E-05
  2.1389284E-05
  2.1142509E-05
  1.9589064E-05
  1.8643545E-05
  1.6446789E-05
  1.6688791E-05
  1.9851686E-05
  1.6873124E-05
  1.5418158E-05
  1.7738153E-05
  1.5520269E-05
  1.3332325E-05
  1.3006421E-05
  1.4142148E-05
  1.6512795E-05
  1.8335661E-05
  1.8739454E-05
  1.6369597E-05
  1.9022207E-05
  2.0536732E-05
  2.0201767E-05
  1.9879948E-05
  1.5312466E-05
  1.7287355E-05
  1.7197390E-05
  1.7752267E-05
  1.7447303E-05
  1.9663074E-05
  1.9893730E-05
  2.0138586E-05
  1.9707935E-05
  1.8275017E-05
  2.1898915E-05
  2.0516216E-05
  2.1474149E-05
  1.9062865E-05
  1.9533909E-05
  2.4728348E-05
  2.5987720E-05
  2.5477901E-05
  2.2725637E-05
  2.9493640E-05
  3.1292631E-05
  2.6644339E-05
  3.1725027E-05
  3.4578658E-05
  3.2858243E-05
  3.3053402E-05
  3.2022632E-05
  2.5861556E-05
  3.7981277E-05
  3.0828112E-05
  2.5939722E-05
  2.9175275E-05
  2.7215669E-05
  3.2019630E-05
  2.8342280E-05
  3.0142201E-05
  2.9296170E-05
  2.3989771E-05
  2.4499386E-05
  2.6031159E-05
  2.5163203E-05
  2.5125833E-05
  2.3098739E-05
  2.5449606E-05
  2.2204758E-05
  2.4396501E-05
  2.4245195E-05
  2.5508194E-05
  1.9741865E-05
  1.9229352E-05
  2.5930793E-05
  2.1397291E-05
  2.0121186E-05
  1.7704211E-05
  1.8261127E-05
  2.1359156E-05
  2.1785616E-05
  1.8943096E-05
  2.0175825E-05
  2.0993941E-05
  1.7963437E-05
  2.1378646E-05
  1.9455838E-05
  2.0159910E-05
  1.8819343E-05
  1.7340864E-05
  1.5651005E-05
  1.8963021E-05
  2.1596288E-05
  2.3668612E-05
  1.8633491E-05
  1.7505485E-05
  1.9484562E-05
  1.6320053E-05
  2.1543183E-05
  2.4189671E-05
  2.1520504E-05
  1.9045699E-05
  1.8336326E-05
  2.0840676E-05
  1.8446839E-05
  1.8052126E-05
  1.9649104E-05
  1.9525718E-05
  2.1172524E-05
  1.6047305E-05
  2.0876631E-05
  1.7688060E-05
  1.8015522E-05
  2.1053931E-05
  1.8933999E-05
  1.8044846E-05
  2.2243501E-05
  2.2280647E-05
  2.1206228E-05
  2.2237400E-05
  2.0720508E-05
  2.2207236E-05
  2.4648194E-05
  2.3489236E-05
  2.4126524E-05
  1.9577164E-05
  2.0087808E-05
  2.5070927E-05
  2.2419576E-05
  2.2648719E-05
  1.9592351E-05
  2.6075382E-05
  2.3707522E-05
  2.2480173E-05
  2.4210396E-05
  2.6310754E-05
  2.7281018E-05
  2.8393366E-05
  2.4603149E-05
  2.5265175E-05
  2.4709298E-05
  3.0354026E-05
  2.4020172E-05
  2.7410708E-05
  2.8242284E-05
  3.1232354E-05
  3.2693482E-05
  3.5084016E-05
  2.9751011E-05
  3.4826990E-05
  2.6610654E-05
  2.8835721E-05
  2.6050951E-05
  3.5529341E-05
  2.7892331E-05
  2.6267486E-05
  2.9284467E-05
  2.8618759E-05
  2.7532202E-05
  2.6077436E-05
  2.5543070E-05
  2.8040560E-05
  2.7141739E-05
  2.1958547E-05
  2.1854325E-05
  2.5852085E-05
  2.4483270E-05
  2.1855849E-05
  2.4065348E-05
  2.0434129E-05
  1.8272498E-05
  1.9657133E-05
  1.9924568E-05
  1.8297902E-05
  1.9802745E-05
  1.7874805E-05
  1.6181566E-05
  1.8210141E-05
  1.7526834E-05
  1.6658800E-05
  1.8939319E-05
  2.0129921E-05
  2.2278828E-05
  1.4439038E-05
  1.2211638E-05
  1.6308166E-05
  1.6286458E-05
  1.8648074E-05
  1.7757970E-05
  1.7509390E-05
  1.7401424E-05
  1.7317167E-05
  1.8262057E-05
  2.0227921E-05
  1.8351158E-05
  1.8103163E-05
  1.9423076E-05
  2.2008988E-05
  1.5231227E-05
  1.5776492E-05
  1.6979260E-05
  1.6309517E-05
  2.1497779E-05
  2.1067950E-05
  1.6319738E-05
  1.7677179E-05
  2.3267279E-05
  2.2781425E-05
  2.1011161E-05
  2.2574352E-05
  2.2864971E-05
  2.1433798E-05
  2.3811832E-05
  2.3413133E-05
  2.3954666E-05
  2.6470954E-05
  2.9705297E-05
  2.4944593E-05
  2.9872950E-05
  2.7252503E-05
  2.3675451E-05
  2.8684168E-05
  3.0434778E-05
  3.8840230E-05
  3.1983607E-05
  3.3450047E-05
  2.8940171E-05
  3.5137418E-05
  3.1381365E-05
  3.1877840E-05
  3.3694560E-05
  3.6146579E-05
  2.9929293E-05
  3.8699636E-05
  3.2652231E-05
  3.0153780E-05
  3.1074898E-05
  2.3835923E-05
  2.5785590E-05
  2.6513962E-05
  2.3828605E-05
  2.5336540E-05
  2.4616234E-05
  2.3848739E-05
  2.5137024E-05
  2.2894614E-05
  2.3383962E-05
  2.2585906E-05
  2.3851642E-05
  1.8591591E-05
  1.9908546E-05
  2.3700723E-05
  1.8346767E-05
  2.2201824E-05
  2.0373223E-05
  2.2867953E-05
  2.1857348E-05
  1.8663626E-05
  2.1477746E-05
  1.9540901E-05
  2.1381735E-05
  1.8411100E-05
  2.0359170E-05
  2.0044748E-05
  1.8199655E-05
  1.7731034E-05
  1.9562873E-05
  2.1102129E-05
  1.8878100E-05
  2.0023050E-05
  1.8058196E-05
  2.2652557E-05
  1.9430006E-05
  2.0809450E-05
  2.0383221E-05
  1.8344923E-05
  2.3465913E-05
  1.7072383E-05
  2.3056840E-05
  2.2735589E-05
  1.7084452E-05
  1.8602062E-05
  1.7946622E-05
  1.7958693E-05
  1.7974309E-05
  1.7405953E-05
  2.0598969E-05
  2.1428034E-05
  1.8788833E-05
  1.8694833E-05
  1.9315996E-05
  1.4914818E-05
  2.0270316E-05
  1.9796769E-05
  1.8864273E-05
  1.9568291E-05
  2.1159636E-05
  2.0276284E-05
  2.2827069E-05
  2.3236476E-05
  2.6037589E-05
  2.3148074E-05
  2.4110055E-05
  2.1185420E-05
  2.7280883E-05
  2.4233177E-05
  2.5268959E-05
  2.3645345E-05
  2.4378669E-05
  2.3213013E-05
  2.4338557E-05
  2.3870223E-05
  2.4096693E-05
  2.5022535E-05
  2.1800270E-05
  2.7182983E-05
  2.7557413E-05
  2.8904746E-05
  3.3499542E-05
  3.0052233E-05
  2.6643442E-05
  3.1451837E-05
  2.9387042E-05
  2.3776316E-05
  2.8176324E-05
  3.2435524E-05
  3.3736527E-05
  3.3410259E-05
  3.7712722E-05
  3.2719105E-05
  2.9777015E-05
  2.7527154E-05
  3.6285750E-05
  3.1353349E-05
  2.9532843E-05
  3.4142289E-05
  3.3442218E-05
  2.3525192E-05
  2.8938541E-05
  2.5729023E-05
  2.7156933E-05
  2.6172311E-05
  2.5086088E-05
  2.1975105E-05
  2.0752537E-05
  2.4779591E-05
  2.0850663E-05
  2.0498808E-05
  2.2934824E-05
  1.9821393E-05
  1.7165377E-05
  1.9726678E-05
  1.7722294E-05
  2.0380796E-05
  1.9898591E-05
  2.0756552E-05
  1.8906356E-05
  2.1083726E-05
  1.7747783E-05
  1.5413703E-05
  1.7562292E-05
  1.7919721E-05
  1.7434750E-05
  1.5110745E-05
  1.8658397E-05
  1.7869392E-05
  1.9609972E-05
  1.8306691E-05
  1.7305512E-05
  1.3861264E-05
  1.4690724E-05
  1.2873819E-05
  1.8805220E-05
  1.5832788E-05
  2.0143387E-05
  1.6031714E-05
  1.7556797E-05
  1.5891021E-05
  1.6893204E-05
  1.5602151E-05
  1.7317037E-05
  1.9389872E-05
  2.0760715E-05
  1.7641723E-05
  1.6248508E-05
  2.1699536E-05
  1.9374142E-05
  2.1498439E-05
  1.5872394E-05
  1.9879131E-05
  1.4491930E-05
  2.3422330E-05
  2.5104549E-05
  2.2696784E-05
  2.4704272E-05
  2.1100284E-05
  2.6430622E-05
  2.7647109E-05
  2.2369510E-05
  2.8011289E-05
  2.7513062E-05
  2.5898627E-05
  2.6838126E-05
  2.9370884E-05
  3.0100100E-05
  3.0409170E-05
  3.2214761E-05
  3.4809575E-05
  3.1690452E-05
  3.6289883E-05
  3.2144097E-05
  3.6306486E-05
  3.3001954E-05
  2.9046216E-05
  2.5250034E-05
  3.1226300E-05
  3.3255110E-05
  3.0937856E-05
  2.3072243E-05
  2.3840512E-05
  2.6596133E-05
  2.6977075E-05
  2.1628306E-05
  2.2312955E-05
  2.5261159E-05
  2.7405600E-05
  2.6254069E-05
  2.4398762E-05
  2.4480065E-05
  2.2133268E-05
  2.1685830E-05
  2.1468661E-05
  2.0430516E-05
  2.4446299E-05
  2.3636001E-05
  2.2776252E-05
  2.2006048E-05
  1.7677690E-05
  2.1486601E-05
  2.0695763E-05
  2.0376425E-05
  2.1356982E-05
  1.6854732E-05
  1.6932880E-05
  1.9557541E-05
  1.8760045E-05
  2.0515323E-05
  2.2136701E-05
  2.1499745E-05
  2.1901713E-05
  1.9431347E-05
  2.2761915E-05
  1.7740693E-05
  1.6629307E-05
  1.8828898E-05
  2.0186708E-05
  1.7794804E-05
  2.2039381E-05
  2.1267962E-05
  2.0497095E-05
  1.5367335E-05
  1.8341114E-05
  1.8946617E-05
  1.9174217E-05
  2.0329473E-05
  1.8117022E-05
  1.8742121E-05
  1.6903683E-05
  1.8476589E-05
  1.6579837E-05
  1.9542602E-05
  1.6942009E-05
  1.8871271E-05
  1.8459719E-05
  2.2608834E-05
  2.1481284E-05
  2.3818080E-05
  2.1187845E-05
  2.2420243E-05
  1.8776271E-05
  2.0073769E-05
  2.2611390E-05
  1.9830522E-05
  2.2230775E-05
  1.9709145E-05
  2.1768301E-05
  2.3259243E-05
  2.1537206E-05
  2.4677423E-05
  2.6187850E-05
  2.5008028E-05
  2.3827368E-05
  2.5404473E-05
  2.4561063E-05
  2.6663709E-05
  2.6403342E-05
  2.3504395E-05
  2.8394012E-05
  2.9410943E-05
  3.2810847E-05
  2.4532923E-05
  3.0042705E-05
  2.9010196E-05
  2.8957895E-05
  3.2910226E-05
  3.2187359E-05
  2.8451455E-05
  3.2233242E-05
  2.7511127E-05
  2.5073863E-05
  2.6640289E-05
  3.0950410E-05
  3.5907386E-05
  3.1815394E-05
  2.9357465E-05
  2.8443430E-05
  3.4597979E-05
  2.9145547E-05
  2.9935565E-05
  3.1960772E-05
  2.7455564E-05
  2.8234723E-05
  2.9590332E-05
  2.6248370E-05
  2.8821207E-05
  2.4688905E-05
  3.0054623E-05
  2.5977957E-05
  2.5226940E-05
  2.5078351E-05
  2.2618064E-05
  2.1327291E-05
  2.1894364E-05
  1.9385299E-05
  1.9101308E-05
  2.0911353E-05
  1.8298682E-05
  1.7150849E-05
  1.8222941E-05
  1.6584043E-05
  1.9189243E-05
  1.6032267E-05
  1.7241891E-05
  1.7805947E-05
  2.1724658E-05
  1.5350575E-05
  1.9225834E-05
  1.8852259E-05
  1.9739527E-05
  1.3861850E-05
  1.8092767E-05
  1.7812208E-05
  1.6789976E-05
  2.0091553E-05
  1.6058157E-05
  1.6763703E-05
  2.1961019E-05
  1.6895425E-05
  1.4033476E-05
  1.5429430E-05
  1.6244621E-05
  1.9310128E-05
  2.0767819E-05
  1.6841495E-05
  1.4813991E-05
  2.0765479E-05
  1.9407760E-05
  1.6264601E-05
  1.7663333E-05
  1.9257131E-05
  1.7599135E-05
  2.2015147E-05
  1.7600496E-05
  1.9998506E-05
  1.8227316E-05
  2.1183630E-05
  2.3478753E-05
  2.1299587E-05
  2.6767566E-05
  2.4537569E-05
  2.2789396E-05
  2.3584704E-05
  2.6880616E-05
  2.7545882E-05
  2.7669492E-05
  2.6710468E-05
  2.9821707E-05
  2.9867608E-05
  3.4351622E-05
  3.0736559E-05
  3.0472445E-05
  3.3175351E-05
  3.6594542E-05
  3.5878547E-05
  2.5036512E-05
  3.4482866E-05
  3.1723164E-05
  3.3230936E-05
  2.5966116E-05
  2.5729127E-05
  2.7519323E-05
  3.0204310E-05
  2.5349947E-05
  2.4520074E-05
  2.2640375E-05
  2.6268795E-05
  2.5087607E-05
  2.1267906E-05
  2.1236721E-05
  2.5994910E-05
  2.2879480E-05
  2.0879650E-05
  2.1560169E-05
  2.7672922E-05
  2.1341875E-05
  2.0022311E-05
  2.2853023E-05
  1.9952775E-05
  2.2287310E-05
  2.2866850E-05
  2.3732004E-05
  2.2132970E-05
  2.3302240E-05
  2.2454464E-05
  1.7822740E-05
  2.1451477E-05
  2.2973083E-05
  1.7120105E-05
  1.7769820E-05
  1.3061004E-05
  1.6546684E-05
  1.9281413E-05
  1.9145149E-05
  2.2964376E-05
  1.8731587E-05
  2.1083073E-05
  2.1053107E-05
  2.4022107E-05
  1.9280813E-05
  1.9859181E-05
  2.0255678E-05
  2.1420998E-05
  1.6310416E-05
  1.7589808E-05
  1.6212460E-05
  2.3694991E-05
  1.9034504E-05
  1.8120960E-05
  1.6750257E-05
  1.7739350E-05
  1.9108727E-05
  2.3379447E-05
  1.8412729E-05
  2.0414593E-05
  1.8450990E-05
  1.7109582E-05
  2.3013512E-05
  1.9523197E-05
  1.8850396E-05
  2.3670575E-05
  2.3835537E-05
  2.0496991E-05
  2.0180078E-05
  2.4283578E-05
  1.8717497E-05
  2.1287617E-05
  2.0718173E-05
  2.0224541E-05
  1.7091372E-05
  2.1135800E-05
  2.2957220E-05
  1.9997107E-05
  2.6446864E-05
  2.4908733E-05
  2.2254979E-05
  2.3666405E-05
  2.2971613E-05
  2.4610668E-05
  2.3788081E-05
  2.7051130E-05
  3.1450847E-05
  2.8081271E-05
  2.2357506E-05
  2.5016590E-05
  2.7982238E-05
  3.0720439E-05
  2.8370441E-05
  2.7208893E-05
  2.8465905E-05
  2.9745805E-05
  2.9006607E-05
  2.9449122E-05
  3.3536271E-05
  2.8239123E-05
  2.6883154E-05
  3.8850987E-05
  3.2332842E-05
  2.9367508E-05
  2.8591343E-05
  3.4499903E-05
  3.5666777E-05
  3.2350537E-05
  2.9335009E-05
  2.9967056E-05
  2.9123987E-05
  2.9542007E-05
  2.9713501E-05
  3.0500894E-05
  3.1124517E-05
  2.9221277E-05
  2.7303744E-05
  3.0012025E-05
  2.3897252E-05
  2.6891974E-05
  2.3665554E-05
  2.6125281E-05
  2.6218304E-05
  2.4896113E-05
  1.9581530E-05
  2.0958672E-05
  1.9521132E-05
  1.9721188E-05
  1.8367400E-05
  2.0896923E-05
  1.9097568E-05
  1.9375837E-05
  2.1447879E-05
  1.4983561E-05
  1.9495255E-05
  1.6351192E-05
  2.3555904E-05
  1.8511175E-05
  1.7659162E-05
  1.7057839E-05
  1.8903627E-05
  1.7951232E-05
  1.6898151E-05
  1.4351081E-05
  2.0143683E-05
  1.6017741E-05
  1.8063840E-05
  1.4826926E-05
  1.8536555E-05
  1.9212528E-05
  1.4567809E-05
  1.7940893E-05
  1.9023968E-05
  2.0951822E-05
  1.9097841E-05
  1.7321916E-05
  1.7568591E-05
  2.2865172E-05
  2.1146543E-05
  1.9828905E-05
  1.9576179E-05
  2.0514561E-05
  2.0066207E-05
  1.7961196E-05
  1.8247925E-05
  1.8407003E-05
  1.8483990E-05
  2.2420898E-05
  2.0680965E-05
  2.3829278E-05
  2.2483830E-05
  2.5175699E-05
  2.4884735E-05
  2.9369470E-05
  2.9491974E-05
  2.4392486E-05
  2.5316644E-05
  3.1896321E-05
  3.1545147E-05
  2.8316703E-05
  3.0563056E-05
  3.1089614E-05
  3.1832216E-05
  3.4247962E-05
  3.5919908E-05
  3.3317061E-05
  3.3696837E-05
  3.1160031E-05
  2.8764240E-05
  3.3931385E-05
  3.2087166E-05
  3.6254263E-05
  3.0173300E-05
  3.3492022E-05
  2.6877869E-05
  2.8870376E-05
  3.3099423E-05
  2.7895883E-05
  3.1595708E-05
  2.7612292E-05
  2.4373199E-05
  2.5042196E-05
  2.2671853E-05
  2.5566815E-05
  2.5169131E-05
  2.3969656E-05
  2.4529874E-05
  2.3522181E-05
  2.3450646E-05
  2.0636977E-05
  2.1556934E-05
  2.3160343E-05
  2.1695529E-05
  2.2253507E-05
  2.2044307E-05
  2.0364007E-05
  2.1451648E-05
  2.1349471E-05
  2.1794234E-05
  1.9127021E-05
  1.9647656E-05
  1.9467010E-05
  1.9903202E-05
  1.6299517E-05
  1.8734361E-05
  1.9071671E-05
  2.4555633E-05
  2.2496130E-05
  2.1219967E-05
  1.6919836E-05
  1.7750377E-05
  1.9095907E-05
  1.9370795E-05
  1.8427570E-05
  2.1334206E-05
  1.9634199E-05
  1.9273906E-05
  2.1091089E-05
  1.5492626E-05
  1.7032569E-05
  2.4928017E-05
  1.5240225E-05
  2.0504625E-05
  2.2574748E-05
  1.8992421E-05
  1.8131230E-05
  1.9038474E-05
  2.1667944E-05
  2.3665592E-05
  2.0211541E-05
  2.4109069E-05
  1.7187594E-05
  1.9206511E-05
  1.9053019E-05
  2.1217686E-05
  1.9923807E-05
  2.3114137E-05
  1.9566940E-05
  2.3848283E-05
  2.3323821E-05
  2.0934676E-05
  2.3245475E-05
  1.9495306E-05
  2.1416805E-05
  2.0258714E-05
  2.0240112E-05
  2.3668201E-05
  2.0596673E-05
  2.0093497E-05
  2.4934301E-05
  2.4276842E-05
  2.6962432E-05
  2.3002900E-05
  2.5147408E-05
  2.4407840E-05
  2.1651909E-05
  2.3917661E-05
  2.7232260E-05
  3.0112698E-05
  2.7341352E-05
  2.2998840E-05
  2.9444525E-05
  2.6668265E-05
  2.5464138E-05
  2.3131048E-05
  2.8368888E-05
  3.0521049E-05
  3.2129956E-05
  2.9433542E-05
  2.9930306E-05
  2.9975552E-05
  2.8260996E-05
  2.5297619E-05
  3.1450159E-05
  2.9403351E-05
  2.9591147E-05
  3.7242909E-05
  3.4944071E-05
  4.0905434E-05
  3.4147190E-05
  3.4568777E-05
  3.3572345E-05
  2.7561029E-05
  2.9722309E-05
  2.6681582E-05
  2.8795532E-05
  3.0659048E-05
  2.6618509E-05
  2.4310943E-05
  1.9741052E-05
  2.8080149E-05
  2.9169891E-05
  2.6594067E-05
  2.4766470E-05
  2.3293640E-05
  2.4253566E-05
  1.8401508E-05
  1.5285332E-05
  2.1060270E-05
  2.3425260E-05
  1.6792759E-05
  2.0780079E-05
  2.6051284E-05
  1.7765788E-05
  1.8452503E-05
  1.9988480E-05
  1.9355421E-05
  1.9213376E-05
  2.0146301E-05
  1.8295597E-05
  1.9696867E-05
  1.9522706E-05
  1.7242579E-05
  1.7456145E-05
  1.8263245E-05
  1.8410501E-05
  1.5362730E-05
  1.3434323E-05
  1.3317373E-05
  1.6280226E-05
  1.7458533E-05
  1.9639276E-05
  2.0734871E-05
  1.8440296E-05
  1.7903982E-05
  1.9729370E-05
  1.4919751E-05
  1.8375620E-05
  2.1155114E-05
  1.8006127E-05
  1.5146683E-05
  2.0957536E-05
  2.2059667E-05
  1.6815829E-05
  2.1393740E-05
  1.8637749E-05
  1.6548564E-05
  1.9504463E-05
  2.1058664E-05
  2.0931546E-05
  2.3701319E-05
  2.3307604E-05
  2.0879046E-05
  2.2661452E-05
  2.5928766E-05
  2.3948660E-05
  2.3107566E-05
  2.6315496E-05
  2.5188776E-05
  2.5666834E-05
  2.2669296E-05
  3.2031396E-05
  2.9116871E-05
  2.6401251E-05
  3.5433546E-05
  3.2971697E-05
  3.5142479E-05
  3.4254081E-05
  3.5869427E-05
  3.3476474E-05
  3.7067730E-05
  3.4421355E-05
  3.5974437E-05
  3.2505814E-05
  3.7106813E-05
  3.3047148E-05
  3.3955912E-05
  3.2579115E-05
  3.5330315E-05
  2.9610672E-05
  3.4491153E-05
  2.9673971E-05
  3.1372743E-05
  2.8731085E-05
  2.2908447E-05
  2.6111868E-05
  2.6115909E-05
  2.8075870E-05
  2.4998024E-05
  2.6055279E-05
  2.1966398E-05
  2.4724273E-05
  2.4734120E-05
  1.9260879E-05
  2.3376286E-05
  2.3619967E-05
  2.2837490E-05
  2.2949072E-05
  2.0431215E-05
  1.9214987E-05
  2.3076633E-05
  2.3220713E-05
  2.3177932E-05
  2.1710053E-05
  2.3438768E-05
  1.7822496E-05
  2.3108863E-05
  1.9246647E-05
  1.8461618E-05
  2.3228540E-05
  2.3599587E-05
  2.4235713E-05
  2.2430995E-05
  2.1361979E-05
  1.9507481E-05
  2.2521186E-05
  2.0445023E-05
  2.1561971E-05
  2.2522758E-05
  1.9747889E-05
  2.2830589E-05
  2.0736632E-05
  2.2012906E-05
  2.0059673E-05
  2.1171390E-05
  1.8122346E-05
  2.0002044E-05
  2.3160132E-05
  2.0421816E-05
  2.0205633E-05
  1.8825025E-05
  2.3618850E-05
  2.0418933E-05
  2.1158732E-05
  2.0797201E-05
  1.5423324E-05
  1.8169672E-05
  1.8421928E-05
  1.7548793E-05
  1.9833835E-05
  2.0825155E-05
  1.8849592E-05
  2.0008985E-05
  1.8029537E-05
  1.7724544E-05
  2.1230677E-05
  2.2242974E-05
  2.2846712E-05
  2.0431982E-05
  2.1553757E-05
  1.9562058E-05
  2.1600654E-05
  2.5430065E-05
  2.2951159E-05
  2.1578335E-05
  2.1171261E-05
  2.5423693E-05
  2.0383350E-05
  2.1356047E-05
  2.5261163E-05
  2.6771149E-05
  2.4974614E-05
  2.6574569E-05
  2.4037343E-05
  2.9889303E-05
  2.4241323E-05
  2.0330132E-05
  2.5283585E-05
  3.0800984E-05
  3.1723921E-05
  3.2817425E-05
  3.6853609E-05
  3.4594050E-05
  3.3225413E-05
  3.1786305E-05
  2.7690170E-05
  3.1814470E-05
  2.9993549E-05
  3.2265340E-05
  3.3104981E-05
  3.0255407E-05
  2.8778168E-05
  3.4280129E-05
  3.1915581E-05
  3.4834429E-05
  3.6986239E-05
  3.0711511E-05
  2.8730026E-05
  2.9984338E-05
  2.9085526E-05
  3.0267642E-05
  2.7027752E-05
  2.6025726E-05
  2.4810177E-05
  2.8075956E-05
  2.6756659E-05
  2.7272039E-05
  2.9596811E-05
  2.4510131E-05
  2.2043934E-05
  2.0512278E-05
  2.1069833E-05
  2.1754196E-05
  2.1258833E-05
  1.8744950E-05
  2.5311421E-05
  2.2254462E-05
  1.9281879E-05
  2.2915970E-05
  1.7752040E-05
  1.4074619E-05
  2.0927628E-05
  2.2675320E-05
  1.9198964E-05
  1.6895674E-05
  1.9690067E-05
  1.7258175E-05
  1.8931216E-05
  1.8936789E-05
  1.6111566E-05
  1.6818796E-05
  1.5800108E-05
  1.5833533E-05
  1.7560646E-05
  1.5482223E-05
  1.9219673E-05
  1.6587828E-05
  1.5985626E-05
  1.7015487E-05
  1.8203289E-05
  1.9403413E-05
  2.0509691E-05
  1.6753584E-05
  1.8366041E-05
  1.5797257E-05
  1.6529866E-05
  2.1178128E-05
  1.8004295E-05
  1.5563721E-05
  1.7442508E-05
  2.1443286E-05
  1.6841830E-05
  1.7515844E-05
  1.9285158E-05
  2.1339611E-05
  2.1550833E-05
  1.9789934E-05
  1.9067376E-05
  2.0747961E-05
  2.4441826E-05
  2.0961843E-05
  2.3017183E-05
  2.4600902E-05
  2.7026927E-05
  2.4574609E-05
  2.2084161E-05
  2.4573361E-05
  2.6831243E-05
  3.2503354E-05
  2.8292501E-05
  3.2391716E-05
  2.9448696E-05
  3.6066594E-05
  3.2206790E-05
  3.3029712E-05
  3.5252371E-05
  3.3777884E-05
  3.4298384E-05
  2.8254328E-05
  3.9746763E-05
  3.7931521E-05
  3.5018515E-05
  3.7184735E-05
  4.0379600E-05
  4.0313527E-05
  3.5670844E-05
  3.3957738E-05
  3.1034535E-05
  3.2143755E-05
  2.9266677E-05
  3.1485772E-05
  2.8263190E-05
  2.4021239E-05
  2.2723121E-05
  2.6837104E-05
  3.1637868E-05
  2.9877350E-05
  2.5278434E-05
  2.7159012E-05
  2.4556291E-05
  2.3747609E-05
  2.2777363E-05
  2.3006221E-05
  2.0579890E-05
  2.1768825E-05
  2.0459440E-05
  2.3731425E-05
  2.3164219E-05
  1.8646200E-05
  1.7582752E-05
  1.9394980E-05
  2.0650041E-05
  2.0770265E-05
  2.4144694E-05
  1.9921281E-05
  2.3293960E-05
  1.8682666E-05
  1.7653849E-05
  2.3293656E-05
  2.2741931E-05
  1.9523501E-05
  2.0852844E-05
  2.2095646E-05
  1.7392509E-05
  1.8693874E-05
  2.0538271E-05
  2.4821655E-05
  1.8044588E-05
  1.9385874E-05
  2.0669619E-05
  1.9847488E-05
  1.8616236E-05
  1.7581107E-05
  1.7123593E-05
  2.2166445E-05
  2.5447887E-05
  1.2671705E-05
  1.6411641E-05
  1.9241705E-05
  2.0029134E-05
  1.6867334E-05
  2.0802998E-05
  1.7009643E-05
  1.8525448E-05
  2.1946635E-05
  2.0744990E-05
  2.0182888E-05
  2.0140440E-05
  1.9177238E-05
  1.7683575E-05
  1.8593222E-05
  1.9820895E-05
  2.0634152E-05
  2.0101845E-05
  2.1734348E-05
  2.2573746E-05
  1.8696073E-05
  1.9197141E-05
  1.9706715E-05
  2.0493131E-05
  2.1790336E-05
  2.0837488E-05
  1.9321922E-05
  2.0142626E-05
  2.2802589E-05
  2.2167640E-05
  2.3827621E-05
  1.8193614E-05
  1.9219022E-05
  2.3656750E-05
  2.2352111E-05
  2.5160340E-05
  2.3185821E-05
  2.6714173E-05
  2.5864892E-05
  2.4910942E-05
  2.4653671E-05
  2.8668066E-05
  3.0323019E-05
  3.3384513E-05
  3.3967095E-05
  3.5801473E-05
  3.0807390E-05
  3.0149749E-05
  2.8399665E-05
  3.2880023E-05
  3.0610980E-05
  3.2604916E-05
  3.2883723E-05
  3.5899513E-05
  3.4384870E-05
  3.0739993E-05
  3.3626220E-05
  3.0517851E-05
  3.5880661E-05
  4.0154395E-05
  3.3234912E-05
  2.5711526E-05
  2.8104996E-05
  3.1682150E-05
  3.0825402E-05
  2.9049335E-05
  2.5746198E-05
  2.6617208E-05
  2.7044021E-05
  2.7765969E-05
  3.4539717E-05
  2.3478497E-05
  1.5888078E-05
  2.3601440E-05
  2.0582829E-05
  2.1386279E-05
  2.2763443E-05
  2.0805684E-05
  2.5086376E-05
  2.1098702E-05
  2.1945141E-05
  2.0352229E-05
  2.3435958E-05
  2.2325779E-05
  1.7730843E-05
  1.4983896E-05
  1.8789164E-05
  1.8498322E-05
  1.9551057E-05
  1.6418635E-05
  1.9173482E-05
  1.7048313E-05
  1.6001126E-05
  1.8431481E-05
  1.7119159E-05
  1.6590437E-05
  1.6212773E-05
  1.5711636E-05
  1.6322352E-05
  1.6130707E-05
  1.5389722E-05
  1.4679106E-05
  1.6202086E-05
  1.9099964E-05
  1.9489395E-05
  1.8739032E-05
  1.7341621E-05
  1.6222082E-05
  1.7710645E-05
  1.4960116E-05
  1.2703814E-05
  2.0701136E-05
  2.0286838E-05
  1.5876683E-05
  1.5525522E-05
  1.4403455E-05
  1.8152865E-05
  1.5217746E-05
  1.8962050E-05
  1.9127907E-05
  1.7605513E-05
  2.0201478E-05
  1.7346678E-05
  2.1859858E-05
  2.4070305E-05
  2.2314915E-05
  1.8193725E-05
  2.1527043E-05
  2.9660740E-05
  2.4456798E-05
  2.3391151E-05
  2.2678558E-05
  2.1674330E-05
  2.4393361E-05
  2.6497906E-05
  3.6775913E-05
  2.4844103E-05
  2.8657772E-05
  3.1411510E-05
  3.2215354E-05
  3.0990446E-05
  3.2024775E-05
  3.4682671E-05
  3.5615678E-05
  3.7413429E-05
  4.1088722E-05
  3.5696234E-05
  3.8175964E-05
  3.8796683E-05
  4.2471602E-05
  3.6564830E-05
  3.0666561E-05
  3.4611199E-05
  2.9138926E-05
  2.8133227E-05
  2.8051185E-05
  3.1892647E-05
  3.0952317E-05
  3.3195909E-05
  2.7180042E-05
  3.0136745E-05
  3.0240664E-05
  2.7626258E-05
  2.4788997E-05
  2.8106235E-05
  2.3613567E-05
  2.9618561E-05
  2.6218710E-05
  2.2313932E-05
  2.7951624E-05
  2.4229748E-05
  2.4187666E-05
  2.0307400E-05
  2.4267243E-05
  2.2537022E-05
  1.8822375E-05
  1.6009788E-05
  2.1544445E-05
  2.6505582E-05
  1.7982804E-05
  1.8888401E-05
  1.6878979E-05
  2.1822874E-05
  2.1469396E-05
  2.2597047E-05
  2.0152922E-05
  2.3126706E-05
  2.0632318E-05
  2.3013839E-05
  2.1663931E-05
  2.1094607E-05
  2.2781845E-05
  2.0575750E-05
  1.9870495E-05
  1.9498559E-05
  1.6697029E-05
  1.5187758E-05
  1.4498703E-05
  2.1187567E-05
  1.9637300E-05
  2.2504344E-05
  1.9853389E-05
  2.1169024E-05
  1.6845141E-05
  2.4808236E-05
  2.5282578E-05
  2.0899875E-05
  1.8922663E-05
  2.0262960E-05
  1.9874320E-05
  1.9611452E-05
  1.9311483E-05
  1.9033583E-05
  1.8410012E-05
  1.8916002E-05
  1.8189097E-05
  2.1552980E-05
  1.6721864E-05
  1.8371868E-05
  2.0942813E-05
  2.0316586E-05
  2.0915040E-05
  2.3711884E-05
  1.9780640E-05
  1.6314525E-05
  2.0067964E-05
  1.9937574E-05
  1.7679606E-05
  1.9458636E-05
  2.1970520E-05
  2.2442686E-05
  2.4752961E-05
  2.3065100E-05
  2.2315102E-05
  2.2995249E-05
  2.2604549E-05
  2.3487186E-05
  2.4663856E-05
  2.8527680E-05
  2.1261874E-05
  2.2082686E-05
  2.2132006E-05
  2.0051259E-05
  2.0679776E-05
  2.4848727E-05
  2.6413636E-05
  2.6339316E-05
  2.8291923E-05
  2.6481266E-05
  2.6111480E-05
  2.5906837E-05
  2.9831597E-05
  2.6588888E-05
  3.4313678E-05
  3.5503563E-05
  3.3785109E-05
  3.0480918E-05
  2.8734472E-05
  2.9094415E-05
  4.0819847E-05
  3.5425524E-05
  3.3191685E-05
  3.9087889E-05
  3.4599769E-05
  3.2589684E-05
  3.4242017E-05
  3.5306988E-05
  3.3149932E-05
  3.3609704E-05
  3.1671574E-05
  3.2463893E-05
  2.8233255E-05
  3.0443976E-05
  3.1414173E-05
  2.9438104E-05
  3.5213372E-05
  2.5702295E-05
  2.2288948E-05
  2.2873770E-05
  2.7783359E-05
  2.4040757E-05
  2.0481644E-05
  2.0765696E-05
  1.8981746E-05
  2.3734920E-05
  2.4224755E-05
  1.9923302E-05
  2.1912121E-05
  1.8851220E-05
  1.9351879E-05
  1.5995874E-05
  1.8929786E-05
  1.9320914E-05
  1.6881266E-05
  1.5508529E-05
  1.8034918E-05
  1.5239917E-05
  1.7593649E-05
  1.6317792E-05
  1.9014913E-05
  1.9119443E-05
  1.2518450E-05
  1.3127062E-05
  1.6590437E-05
  1.7139520E-05
  1.6490634E-05
  1.5191051E-05
  1.7077587E-05
  1.8925799E-05
  2.0115274E-05
  1.6283268E-05
  1.6578295E-05
  1.6852597E-05
  1.8471144E-05
  1.7448221E-05
  1.7208820E-05
  1.7095444E-05
  1.7165597E-05
  1.8264856E-05
  1.7131277E-05
  2.0530300E-05
  1.7773700E-05
  1.5878401E-05
  1.6579450E-05
  1.8268620E-05
  1.7907689E-05
  2.1216649E-05
  1.7820947E-05
  2.2948385E-05
  2.0824576E-05
  2.5272328E-05
  2.5242185E-05
  1.8625924E-05
  1.9310550E-05
  2.4267059E-05
  2.3718276E-05
  2.5866640E-05
  2.3324970E-05
  2.7966300E-05
  2.3085384E-05
  3.0773917E-05
  2.7303240E-05
  2.4255227E-05
  3.0847652E-05
  3.4232573E-05
  3.5638273E-05
  3.0871248E-05
  3.4820412E-05
  3.3410510E-05
  3.2199056E-05
  3.4099128E-05
  3.3427492E-05
  4.1937910E-05
  3.7369853E-05
  3.8151924E-05
  4.1766838E-05
  3.7248628E-05
  3.4965542E-05
  3.1726719E-05
  3.2813747E-05
  3.3001485E-05
  3.0125067E-05
  2.6770336E-05
  3.0939747E-05
  3.1952502E-05
  2.9899320E-05
  2.7298753E-05
  3.3134718E-05
  2.9662820E-05
  2.8803977E-05
  2.8455512E-05
  2.3219207E-05
  2.3965598E-05
  2.4659586E-05
  2.5310659E-05
  3.0217612E-05
  2.3574739E-05
  2.5814477E-05
  2.3702802E-05
  2.1924707E-05
  2.1373537E-05
  2.0259296E-05
  2.0757259E-05
  2.2234559E-05
  1.8529749E-05
  1.9494331E-05
  2.2057488E-05
  2.2708071E-05
  1.9484462E-05
  1.8410534E-05
  2.2063388E-05
  1.9730907E-05
  2.1002439E-05
  2.3746568E-05
  1.9054665E-05
  1.6744492E-05
  2.0603351E-05
  2.1818205E-05
  1.8726159E-05
  2.1152897E-05
  2.1822043E-05
  2.2415050E-05
  1.7056476E-05
  2.3158800E-05
  2.1474920E-05
  1.7476097E-05
  2.0492389E-05
  1.9654879E-05
  2.0103922E-05
  2.0173195E-05
  2.3027380E-05
  1.9334006E-05
  1.9649873E-05
  2.0937299E-05
  2.1290514E-05
  2.1013304E-05
  2.0802150E-05
  2.3417118E-05
  1.7993751E-05
  2.0592657E-05
  2.4181556E-05
  1.8126060E-05
  1.9911109E-05
  2.1979517E-05
  2.2079652E-05
  1.7017057E-05
  1.8122586E-05
  1.6747848E-05
  1.9215518E-05
  1.9998255E-05
  1.9327632E-05
  2.0366195E-05
  1.9324249E-05
  2.3264740E-05
  2.0110001E-05
  2.2223167E-05
  1.7819311E-05
  1.9663976E-05
  2.4511526E-05
  2.1210786E-05
  1.9802146E-05
  1.8700352E-05
  2.0340924E-05
  2.0856964E-05
  2.6068545E-05
  2.2900787E-05
  2.5065676E-05
  2.4406845E-05
  2.1433681E-05
  2.1709660E-05
  2.5625897E-05
  2.2731461E-05
  2.0315545E-05
  2.6080337E-05
  2.9143643E-05
  2.3155309E-05
  2.5312525E-05
  2.8491944E-05
  3.0220126E-05
  2.7747001E-05
  2.7398612E-05
  2.8954266E-05
  2.9403423E-05
  3.8034581E-05
  3.7080619E-05
  2.9204703E-05
  2.7748762E-05
  3.0632244E-05
  4.1331896E-05
  2.4846828E-05
  3.2764528E-05
  3.4273748E-05
  3.5061370E-05
  3.6178859E-05
  3.4038178E-05
  3.5258137E-05
  3.4460827E-05
  3.3715256E-05
  3.0474223E-05
  3.0739593E-05
  3.0016998E-05
  2.9825720E-05
  3.2366817E-05
  3.2948799E-05
  2.8368744E-05
  3.0721607E-05
  2.5669733E-05
  3.3150693E-05
  2.3626582E-05
  2.2778107E-05
  2.5646930E-05
  2.9122164E-05
  2.2515957E-05
  2.2239714E-05
  2.0471625E-05
  1.8980490E-05
  2.3243889E-05
  1.8627639E-05
  1.9262665E-05
  1.9475592E-05
  2.2341370E-05
  1.8789737E-05
  1.8893128E-05
  1.8444140E-05
  1.5634467E-05
  1.7691462E-05
  1.7380327E-05
  1.8412631E-05
  1.8548189E-05
  1.7560487E-05
  1.5456626E-05
  1.6639771E-05
  1.5481877E-05
  1.5568350E-05
  1.4930611E-05
  1.7441758E-05
  1.7689417E-05
  1.4842650E-05
  1.7304377E-05
  1.7548782E-05
  1.9648067E-05
  2.0492700E-05
  1.9208872E-05
  1.7524206E-05
  1.4722270E-05
  1.7438735E-05
  1.5184656E-05
  1.4245219E-05
  1.7605551E-05
  1.7120106E-05
  1.7006025E-05
  1.8889872E-05
  1.8527513E-05
  1.8500594E-05
  2.0041487E-05
  2.0529073E-05
  2.1870919E-05
  1.6605645E-05
  1.8590443E-05
  2.2206706E-05
  2.0901947E-05
  2.0546187E-05
  2.0808215E-05
  2.2216631E-05
  1.9493484E-05
  2.4744522E-05
  2.3319622E-05
  2.4361014E-05
  2.3726052E-05
  2.2594950E-05
  2.4788824E-05
  3.0146915E-05
  2.5283238E-05
  3.1924941E-05
  2.9234830E-05
  2.5488167E-05
  2.3640954E-05
  3.6088037E-05
  3.4205055E-05
  3.9531966E-05
  3.7599410E-05
  3.6034606E-05
  3.4323235E-05
  4.3037770E-05
  4.2017055E-05
  4.7144171E-05
  3.7909424E-05
  4.1792784E-05
  4.1800336E-05
  4.8577007E-05
  3.1402473E-05
  3.7794060E-05
  2.9050292E-05
  3.4690878E-05
  3.4046803E-05
  3.0501031E-05
  2.7743030E-05
  3.3137647E-05
  3.2119038E-05
  2.7908893E-05
  2.8590448E-05
  3.0789415E-05
  3.1149804E-05
  2.5825217E-05
  2.8124959E-05
  2.3241293E-05
  2.8352313E-05
  2.0684995E-05
  2.4851774E-05
  2.7539727E-05
  2.4189416E-05
  2.2904402E-05
  2.1062579E-05
  2.0168960E-05
  1.9139074E-05
  2.1223037E-05
  2.2731421E-05
  2.0813779E-05
  2.1917234E-05
  1.9849203E-05
  1.5644844E-05
  1.8527489E-05
  2.4393952E-05
  1.9930181E-05
  2.6459506E-05
  2.4381605E-05
  2.0012354E-05
  1.8509754E-05
  1.8471017E-05
  1.8550607E-05
  2.2004457E-05
  1.8663030E-05
  2.0648911E-05
  2.0201102E-05
  2.3915616E-05
  1.8239443E-05
  1.8337494E-05
  2.1186350E-05
  2.0559180E-05
  2.0701469E-05
  2.0991149E-05
  1.8106402E-05
  2.1653017E-05
  2.0182533E-05
  1.8122482E-05
  1.3403695E-05
  1.8772007E-05
  1.6222981E-05
  2.2663007E-05
  2.0254087E-05
  2.0910160E-05
  2.2657503E-05
  2.3679228E-05
  1.8834631E-05
  2.1280208E-05
  2.0164522E-05
  1.8057261E-05
  1.7241338E-05
  1.8160979E-05
  1.7384447E-05
  1.8771994E-05
  1.7963479E-05
  1.8811867E-05
  1.9647670E-05
  1.8980416E-05
  1.7306274E-05
  1.6883771E-05
  1.9402187E-05
  2.1060261E-05
  2.2616336E-05
  2.1741056E-05
  1.9212406E-05
  2.1204089E-05
  2.2538425E-05
  1.8852610E-05
  2.1195112E-05
  2.1247008E-05
  2.2127753E-05
  2.2897180E-05
  2.4981158E-05
  2.2044571E-05
  2.3001339E-05
  2.2897357E-05
  2.1226850E-05
  2.3649623E-05
  2.3916480E-05
  2.3544742E-05
  2.6038486E-05
  2.4960098E-05
  2.6605359E-05
  2.7081234E-05
  2.4665365E-05
  3.2667380E-05
  3.1008043E-05
  3.2496177E-05
  3.7136702E-05
  2.8213406E-05
  2.6814339E-05
  3.3652857E-05
  3.2715216E-05
  3.0333691E-05
  3.2405012E-05
  3.5159945E-05
  3.2882734E-05
  3.8237984E-05
  3.3722961E-05
  3.8987768E-05
  3.2149397E-05
  4.0953364E-05
  3.8701804E-05
  3.3881261E-05
  3.6061971E-05
  3.5963771E-05
  4.1546245E-05
  3.3253287E-05
  3.0978848E-05
  2.8887684E-05
  3.4131455E-05
  3.2486441E-05
  3.2064516E-05
  3.1970285E-05
  3.4245149E-05
  2.7045407E-05
  2.0527643E-05
  2.7178265E-05
  2.4521722E-05
  2.6733946E-05
  2.8085202E-05
  2.7359454E-05
  2.7223774E-05
  2.2363334E-05
  2.4494653E-05
  2.3024557E-05
  1.8870995E-05
  1.7941964E-05
  1.7663873E-05
  1.9086710E-05
  1.8855930E-05
  1.9592950E-05
  1.9005494E-05
  1.7381977E-05
  1.5748243E-05
  1.8241750E-05
  2.0914156E-05
  1.7915343E-05
  1.6385506E-05
  1.7278497E-05
  1.4754601E-05
  1.5848820E-05
  1.9556837E-05
  1.4289962E-05
  1.9016086E-05
  1.7913890E-05
  1.5566373E-05
  1.5483136E-05
  1.7682021E-05
  1.4846153E-05
  1.7014710E-05
  1.5313892E-05
  1.9534053E-05
  1.8543413E-05
  1.5604164E-05
  1.5315951E-05
  1.7632099E-05
  1.3099087E-05
  1.7328097E-05
  1.6793871E-05
  2.0924414E-05
  1.9399615E-05
  1.8090328E-05
  2.0758471E-05
  2.0489186E-05
  1.9144842E-05
  1.9182926E-05
  1.7650205E-05
  2.0841797E-05
  2.0336116E-05
  1.6617125E-05
  2.1427111E-05
  2.0510088E-05
  1.8543147E-05
  1.7646580E-05
  2.2686690E-05
  2.3685239E-05
  2.2860813E-05
  2.4379655E-05
  2.3994295E-05
  2.4839474E-05
  2.3668328E-05
  2.7782993E-05
  3.1119172E-05
  2.9135928E-05
  3.1874948E-05
  3.5797784E-05
  3.4786717E-05
  3.1591662E-05
  4.0428731E-05
  3.7915077E-05
  3.6195041E-05
  4.2939540E-05
  3.9354651E-05
  4.2441541E-05
  4.5777037E-05
  4.1031719E-05
  4.2645952E-05
  5.3287840E-05
  4.0351224E-05
  3.4652101E-05
  3.7924146E-05
  3.5016623E-05
  3.4606994E-05
  3.0990970E-05
  3.6794627E-05
  3.3030217E-05
  3.5758763E-05
  2.9564249E-05
  3.0540017E-05
  2.9826180E-05
  2.6756674E-05
  2.6886337E-05
  2.7533197E-05
  2.5829364E-05
  2.6308258E-05
  2.6545606E-05
  2.4564117E-05
  2.4089883E-05
  2.7223276E-05
  2.3083961E-05
  2.0623385E-05
  2.2517615E-05
  2.1048021E-05
  2.2184640E-05
  2.0394049E-05
  1.8809396E-05
  1.9465671E-05
  2.2019902E-05
  2.5766278E-05
  2.1603671E-05
  1.7603033E-05
  2.2928898E-05
  2.1044783E-05
  1.9584073E-05
  2.3847124E-05
  2.2847189E-05
  1.9126255E-05
  1.8964054E-05
  1.8438483E-05
  1.8439747E-05
  1.9385139E-05
  1.8751192E-05
  1.9059609E-05
  2.1774038E-05
  2.0638197E-05
  2.2073333E-05
  1.5402058E-05
  2.1843520E-05
  2.1987804E-05
  2.0568570E-05
  1.9800340E-05
  2.4351268E-05
  1.7887549E-05
  1.7245067E-05
  1.8032957E-05
  2.2705013E-05
  2.3804976E-05
  1.9658748E-05
  1.3622719E-05
  2.0828320E-05
  2.3319260E-05
  2.0727675E-05
  1.7305229E-05
  1.8541888E-05
  2.0331401E-05
  2.2661459E-05
  1.6559967E-05
  2.1723888E-05
  1.8419450E-05
  2.2589340E-05
  2.2176586E-05
  2.1405724E-05
  2.2279704E-05
  1.4749690E-05
  1.6774595E-05
  1.6268537E-05
  1.8359297E-05
  1.6725582E-05
  2.1770962E-05
  1.9902700E-05
  1.8491995E-05
  2.5882327E-05
  1.9015568E-05
  2.0907244E-05
  2.5908670E-05
  2.3708777E-05
  1.9921536E-05
  2.5999030E-05
  2.0896123E-05
  1.9530060E-05
  2.2238275E-05
  2.2359676E-05
  2.5462974E-05
  2.6526681E-05
  2.5355335E-05
  2.4926185E-05
  2.7371068E-05
  2.6150034E-05
  2.7036362E-05
  2.7528107E-05
  2.2890585E-05
  2.7805108E-05
  2.8227911E-05
  2.9351351E-05
  2.6778660E-05
  3.1182171E-05
  2.6772461E-05
  3.0551360E-05
  3.5053898E-05
  2.7061204E-05
  3.2136642E-05
  3.2602984E-05
  3.4042263E-05
  4.3288808E-05
  3.4632460E-05
  3.9754104E-05
  4.0229952E-05
  3.7835329E-05
  2.8225995E-05
  3.8717924E-05
  3.9650349E-05
  4.4993991E-05
  4.1175230E-05
  3.8603725E-05
  3.2529737E-05
  3.5248311E-05
  3.9010429E-05
  3.7802147E-05
  3.4930374E-05
  3.4576271E-05
  3.4473047E-05
  3.0421308E-05
  3.2139418E-05
  3.0637348E-05
  2.4098541E-05
  2.6933807E-05
  2.4626364E-05
  2.6172129E-05
  2.5263445E-05
  3.0249621E-05
  2.5835478E-05
  2.0710426E-05
  2.3425637E-05
  2.4270788E-05
  2.2641976E-05
  2.4846608E-05
  2.2941313E-05
  1.9907011E-05
  1.5487645E-05
  1.7467337E-05
  2.2599061E-05
  2.2925666E-05
  1.8418703E-05
  2.1076034E-05
  1.8338958E-05
  1.7776212E-05
  1.6600565E-05
  1.9375633E-05
  2.0121457E-05
  1.8123606E-05
  1.4289098E-05
  1.3251569E-05
  1.6673332E-05
  2.1068185E-05
  1.7313481E-05
  2.1527751E-05
  1.5407823E-05
  1.6925324E-05
  1.7921880E-05
  1.6417174E-05
  1.8095761E-05
  1.7508170E-05
  1.5851396E-05
  1.9800365E-05
  1.8485378E-05
  1.6135027E-05
  1.7951541E-05
  1.7532520E-05
  1.7455537E-05
  1.6873910E-05
  1.5751968E-05
  1.5268753E-05
  2.1247095E-05
  2.3305678E-05
  1.6328862E-05
  1.9297733E-05
  1.7949880E-05
  2.0328838E-05
  2.1612148E-05
  1.6821403E-05
  1.7222947E-05
  1.8413157E-05
  2.0381613E-05
  1.6312904E-05
  1.9738436E-05
  2.0498075E-05
  2.0468278E-05
  2.4282223E-05
  2.2786260E-05
  2.5663325E-05
  2.6977665E-05
  2.5632804E-05
  2.1305423E-05
  3.1245971E-05
  2.8556207E-05
  2.5835510E-05
  2.9821209E-05
  3.7332451E-05
  2.7250760E-05
  3.6134115E-05
  3.1186875E-05
  4.0536055E-05
  4.3478794E-05
  3.9860490E-05
  3.9876766E-05
  3.8238424E-05
  4.0504077E-05
  4.6896534E-05
  4.1704301E-05
  4.3236672E-05
  3.4615714E-05
  4.0435269E-05
  4.5054032E-05
  3.9066315E-05
  3.6044072E-05
  3.6163307E-05
  3.1489235E-05
  3.5402179E-05
  3.4823428E-05
  3.4090855E-05
  3.1750136E-05
  2.9717234E-05
  3.2461023E-05
  2.9110730E-05
  3.0342751E-05
  3.1861298E-05
  3.0750231E-05
  2.7131891E-05
  2.5727390E-05
  2.4212117E-05
  2.6203335E-05
  2.2027001E-05
  2.4332043E-05
  2.4254430E-05
  2.2134254E-05
  2.4829220E-05
  2.6757336E-05
  2.6587448E-05
  2.3241970E-05
  2.3532581E-05
  2.2347100E-05
  2.2735043E-05
  2.1315382E-05
  2.1487054E-05
  2.4370544E-05
  2.4784771E-05
  2.1134672E-05
  2.1799800E-05
  2.2543940E-05
  1.9305126E-05
  2.1185797E-05
  1.8717872E-05
  1.5135350E-05
  2.2339711E-05
  1.7547036E-05
  1.8155157E-05
  1.7131661E-05
  2.2971177E-05
  2.3796381E-05
  1.5107014E-05
  1.8167586E-05
  1.8415460E-05
  1.9768275E-05
  2.0941528E-05
  1.8088915E-05
  1.6788528E-05
  1.9222822E-05
  1.9640373E-05
  2.0103258E-05
  1.8185603E-05
  2.0117744E-05
  1.7606539E-05
  2.3546396E-05
  2.1363578E-05
  2.0924483E-05
  2.3871888E-05
  2.0182728E-05
  1.6504182E-05
  1.9217670E-05
  1.6543421E-05
  1.9809037E-05
  1.6446826E-05
  2.0765267E-05
  1.9307736E-05
  2.4603612E-05
  1.9276609E-05
  1.9959776E-05
  1.9361152E-05
  1.9771684E-05
  2.1958020E-05
  2.2636039E-05
  2.2958642E-05
  2.1916641E-05
  2.3637269E-05
  2.1036933E-05
  2.2238100E-05
  2.0639987E-05
  1.8315892E-05
  2.1406255E-05
  2.3520803E-05
  2.1151774E-05
  2.6783309E-05
  2.3613558E-05
  2.1996721E-05
  2.0623564E-05
  2.2073431E-05
  1.9244490E-05
  2.1618480E-05
  2.4323843E-05
  2.5010146E-05
  2.2918299E-05
  2.4880967E-05
  2.4592682E-05
  2.7354092E-05
  2.7793090E-05
  2.4485740E-05
  2.3694982E-05
  2.9184994E-05
  2.8307230E-05
  2.9204224E-05
  2.9794468E-05
  3.2469041E-05
  3.3925528E-05
  3.3903092E-05
  2.8145261E-05
  3.1648728E-05
  3.3681034E-05
  3.4744447E-05
  3.7646965E-05
  3.3226115E-05
  3.3694414E-05
  3.2507589E-05
  3.5704641E-05
  3.2170694E-05
  3.3939570E-05
  3.9644743E-05
  3.9614839E-05
  3.6848036E-05
  4.4320408E-05
  4.2135583E-05
  3.9306688E-05
  3.7721518E-05
  3.6132289E-05
  3.6686652E-05
  3.3960350E-05
  3.5058343E-05
  3.3078926E-05
  2.8753711E-05
  3.0876286E-05
  3.6675658E-05
  3.0724899E-05
  2.5670399E-05
  3.1289441E-05
  2.9024233E-05
  2.6353060E-05
  1.9733770E-05
  2.5989957E-05
  2.4297749E-05
  2.1920281E-05
  1.9693931E-05
  2.4369721E-05
  2.0317599E-05
  2.1072949E-05
  1.9102972E-05
  1.9143894E-05
  2.0892148E-05
  2.1542555E-05
  2.0901414E-05
  1.8135952E-05
  1.7735283E-05
  1.8841029E-05
  1.5547630E-05
  1.5665530E-05
  1.9151306E-05
  2.1973830E-05
  1.8265446E-05
  1.8273115E-05
  1.5846384E-05
  2.0259529E-05
  1.7715023E-05
  1.4474793E-05
  1.8582170E-05
  1.6183170E-05
  1.7737364E-05
  1.8798815E-05
  1.7770091E-05
  1.7947674E-05
  2.2187660E-05
  1.9179217E-05
  1.7448603E-05
  1.6490023E-05
  1.3764700E-05
  1.7652501E-05
  1.8151612E-05
  1.6236618E-05
  2.0291754E-05
  1.9165971E-05
  1.7864806E-05
  1.8430608E-05
  1.9084093E-05
  1.8676794E-05
  1.5685973E-05
  2.0332945E-05
  2.1458216E-05
  2.3306990E-05
  1.7313467E-05
  1.8332186E-05
  2.2123171E-05
  2.0006863E-05
  2.3675893E-05
  2.3991604E-05
  2.1176815E-05
  2.1711032E-05
  2.3174171E-05
  2.2885433E-05
  2.2494076E-05
  2.8751943E-05
  2.5443500E-05
  2.6888867E-05
  2.4947331E-05
  3.1070223E-05
  2.7451113E-05
  2.9170218E-05
  3.1928594E-05
  3.0604813E-05
  3.3081531E-05
  3.8795260E-05
  4.3497163E-05
  3.5027362E-05
  2.8866138E-05
  3.9345137E-05
  3.9130482E-05
  4.4726086E-05
  4.2246495E-05
  4.8395566E-05
  4.6786427E-05
  4.4250526E-05
  5.2414391E-05
  4.4749191E-05
  4.3186243E-05
  3.2730612E-05
  4.3668730E-05
  4.1864438E-05
  3.6570338E-05
  3.9109418E-05
  3.9052684E-05
  3.3845488E-05
  2.8169647E-05
  3.1206782E-05
  2.9882962E-05
  3.1228185E-05
  2.8934863E-05
  3.1614396E-05
  2.5492454E-05
  2.8259165E-05
  2.5170895E-05
  2.5007996E-05
  2.6562640E-05
  2.2939366E-05
  2.4141878E-05
  2.3780105E-05
  2.2042774E-05
  2.2521232E-05
  2.5432475E-05
  2.7632117E-05
  2.3476048E-05
  1.9776568E-05
  2.1216238E-05
  2.4350258E-05
  2.3344772E-05
  1.8978732E-05
  1.9964195E-05
  1.7887267E-05
  2.2579792E-05
  2.3113600E-05
  1.9673245E-05
  2.2133690E-05
  2.0248272E-05
  1.9347250E-05
  1.9980389E-05
  1.8405257E-05
  2.1435064E-05
  1.9351242E-05
  1.9641358E-05
  1.8791421E-05
  2.5535868E-05
  2.1947155E-05
  2.0403191E-05
  1.9209376E-05
  1.5153931E-05
  2.1357693E-05
  2.1454658E-05
  1.7844586E-05
  1.8370025E-05
  2.0870628E-05
  1.9870637E-05
  1.9387071E-05
  1.9097055E-05
  1.9175617E-05
  1.4576797E-05
  2.1225158E-05
  1.8156963E-05
  2.2647519E-05
  1.9889128E-05
  2.0649881E-05
  2.3619696E-05
  1.5068956E-05
  1.8257691E-05
  2.0199719E-05
  2.0478761E-05
  1.9303085E-05
  2.3327049E-05
  2.2424449E-05
  2.1751113E-05
  2.0977017E-05
  2.0761785E-05
  2.0351337E-05
  1.9764819E-05
  2.2398783E-05
  2.0863572E-05
  2.3433364E-05
  2.1728871E-05
  2.2707836E-05
  2.3378971E-05
  2.0272049E-05
  2.0712476E-05
  2.6634054E-05
  2.0298516E-05
  2.3950184E-05
  2.3418668E-05
  2.1353731E-05
  2.1647144E-05
  2.4028735E-05
  2.8406359E-05
  2.4007160E-05
  2.3685183E-05
  2.2759777E-05
  2.6830661E-05
  2.2206388E-05
  2.3401413E-05
  2.7655014E-05
  2.5562249E-05
  2.8023705E-05
  2.6794767E-05
  2.6377946E-05
  2.6167834E-05
  2.6735208E-05
  2.6377838E-05
  2.8551602E-05
  3.0500198E-05
  3.0668929E-05
  2.9408480E-05
  3.2493790E-05
  3.1443589E-05
  3.3645949E-05
  3.3475953E-05
  3.6166450E-05
  3.4578519E-05
  4.1183641E-05
  4.0717521E-05
  3.7095240E-05
  3.5912555E-05
  3.9955252E-05
  3.8722756E-05
  2.6747766E-05
  3.9917406E-05
  4.1116858E-05
  3.6770845E-05
  4.0668154E-05
  3.0743515E-05
  3.5137244E-05
  3.6139296E-05
  3.4255565E-05
  3.6989757E-05
  4.5045061E-05
  3.7360202E-05
  3.3140856E-05
  2.9624844E-05
  2.8872915E-05
  3.2353539E-05
  2.5547108E-05
  3.1211184E-05
  3.0806288E-05
  2.8531998E-05
  2.7410901E-05
  2.5843819E-05
  2.3739185E-05
  2.8238052E-05
  2.8806149E-05
  2.1725409E-05
  1.9746783E-05
  2.4955740E-05
  2.1570831E-05
  2.4408364E-05
  2.0300115E-05
  1.9823752E-05
  2.0131489E-05
  1.7086531E-05
  2.0016423E-05
  2.1008120E-05
  1.6165824E-05
  1.5674326E-05
  1.4613649E-05
  1.4979413E-05
  1.4414128E-05
  1.7596893E-05
  1.3512340E-05
  1.7482906E-05
  1.8120396E-05
  1.6744832E-05
  1.9055058E-05
  1.7382450E-05
  1.6276486E-05
  1.6095659E-05
  1.8163115E-05
  1.6557193E-05
  1.8624778E-05
  1.8473984E-05
  1.8031858E-05
  1.7390883E-05
  1.8215847E-05
  1.6790867E-05
  1.3984415E-05
  1.3908822E-05
  1.7907918E-05
  1.7101400E-05
  1.5925561E-05
  2.0543188E-05
  1.9167233E-05
  1.9800513E-05
  2.1288368E-05
  2.0188882E-05
  1.4635893E-05
  2.2100672E-05
  1.7988952E-05
  1.8573881E-05
  1.8648370E-05
  2.2341146E-05
  2.0900932E-05
  2.4508014E-05
  2.5856769E-05
  1.9267620E-05
  2.4725832E-05
  2.3686551E-05
  2.3854134E-05
  2.6906486E-05
  2.2653623E-05
  2.9918005E-05
  2.4683539E-05
  2.7100803E-05
  3.0919877E-05
  2.7046632E-05
  3.1303309E-05
  2.8991140E-05
  3.0353274E-05
  3.5383389E-05
  3.4270714E-05
  3.1689757E-05
  3.5138713E-05
  3.2215052E-05
  3.8213992E-05
  4.2811418E-05
  4.0816190E-05
  4.5362416E-05
  4.3307213E-05
  5.1412328E-05
  5.2716157E-05
  5.1508763E-05
  4.4731878E-05
  5.2008763E-05
  4.4423115E-05
  4.5967001E-05
  4.3690892E-05
  3.9491726E-05
  5.0298935E-05
  4.0240997E-05
  4.0179330E-05
  3.5198464E-05
  3.5539935E-05
  3.6559213E-05
  3.0668005E-05
  3.0913354E-05
  2.9492325E-05
  2.9160628E-05
  2.9195493E-05
  2.9936542E-05
  2.9399869E-05
  2.7535416E-05
  2.2350461E-05
  2.3950863E-05
  2.8078635E-05
  2.8784994E-05
  2.4514231E-05
  3.1585827E-05
  2.2859696E-05
  2.4287045E-05
  2.3085773E-05
  2.4217255E-05
  2.1077325E-05
  1.9596888E-05
  2.2293418E-05
  2.2362494E-05
  2.2410444E-05
  2.2866945E-05
  2.4557437E-05
  2.2882832E-05
  2.1587162E-05
  2.3327824E-05
  1.8481318E-05
  1.6703969E-05
  1.7416955E-05
  2.2576234E-05
  1.9790710E-05
  2.1928392E-05
  2.0330492E-05
  1.9682051E-05
  1.6913273E-05
  1.6987613E-05
  2.1002070E-05
  1.7698438E-05
  2.0396266E-05
  2.1422960E-05
  1.9813884E-05
  1.9347921E-05
  1.5064558E-05
  2.0372707E-05
  1.7567687E-05
  2.0013606E-05
  2.3193896E-05
  2.1697373E-05
  1.9947260E-05
  1.8216324E-05
  1.7824885E-05
  2.5757758E-05
  2.2606000E-05
  1.9615405E-05
  2.0604577E-05
  2.1755091E-05
  1.9795896E-05
  2.2174680E-05
  1.8455721E-05
  1.4793027E-05
  1.9301790E-05
  1.9855397E-05
  1.6339480E-05
  1.4214249E-05
  1.8828079E-05
  1.8282441E-05
  1.8476578E-05
  1.9508427E-05
  2.2501035E-05
  2.2865152E-05
  1.8862847E-05
  2.0042979E-05
  1.7981709E-05
  2.0017791E-05
  2.2106626E-05
  2.5084184E-05
  1.8688923E-05
  2.0700330E-05
  2.3059063E-05
  2.2972823E-05
  2.0262158E-05
  2.3829851E-05
  2.3120856E-05
  2.0946693E-05
  2.2443230E-05
  2.2280532E-05
  2.2855731E-05
  2.5276027E-05
  2.1720756E-05
  2.1861799E-05
  2.2806193E-05
  2.0793819E-05
  2.1121288E-05
  2.3753328E-05
  2.4962232E-05
  3.1258907E-05
  2.8517599E-05
  2.4039011E-05
  2.8611010E-05
  2.9802079E-05
  2.8072238E-05
  2.7272146E-05
  2.7246069E-05
  2.3557403E-05
  2.8592871E-05
  3.1094693E-05
  3.6683483E-05
  3.5135890E-05
  3.3051438E-05
  3.5946519E-05
  3.7917092E-05
  3.7384150E-05
  3.9448762E-05
  3.4716104E-05
  4.0345971E-05
  4.2398442E-05
  4.0117036E-05
  4.7208207E-05
  3.8748880E-05
  3.9390492E-05
  3.5044737E-05
  3.8946855E-05
  4.2864656E-05
  3.9638060E-05
  3.7368533E-05
  3.7086138E-05
  3.5327732E-05
  4.2448697E-05
  2.9167359E-05
  3.5478672E-05
  3.3609776E-05
  3.2379052E-05
  3.0154099E-05
  3.5917961E-05
  3.4267778E-05
  3.3558776E-05
  2.8300574E-05
  2.6928363E-05
  2.8304434E-05
  2.7764972E-05
  2.6927313E-05
  3.0071342E-05
  2.8611968E-05
  2.7258298E-05
  2.3725011E-05
  2.5641990E-05
  2.0262523E-05
  1.7041843E-05
  2.0476444E-05
  2.0701644E-05
  2.0864310E-05
  1.8198416E-05
  1.8245970E-05
  1.8033285E-05
  1.7382914E-05
  1.6639622E-05
  1.5045594E-05
  1.8887718E-05
  1.7204360E-05
  1.7089727E-05
  1.5490821E-05
  1.7503837E-05
  1.6682288E-05
  2.0582918E-05
  1.6366788E-05
  1.8222085E-05
  1.6148173E-05
  1.7227268E-05
  1.8369492E-05
  1.6471200E-05
  1.7575563E-05
  1.9079163E-05
  1.3843491E-05
  1.9961653E-05
  1.7985540E-05
  1.4779489E-05
  1.5781454E-05
  1.6295760E-05
  1.7979994E-05
  1.4282532E-05
  1.6513983E-05
  1.8265473E-05
  1.8580897E-05
  1.9595758E-05
  1.7095113E-05
  2.2785995E-05
  1.9277597E-05
  2.1299886E-05
  1.8879597E-05
  1.7107230E-05
  1.8455274E-05
  2.2346063E-05
  2.1913087E-05
  1.8400375E-05
  1.7575785E-05
  2.2382284E-05
  2.6586771E-05
  2.4456736E-05
  2.4735466E-05
  2.4220930E-05
  2.3163484E-05
  2.2754868E-05
  2.3610153E-05
  2.6825428E-05
  3.0506515E-05
  3.0969808E-05
  3.1147320E-05
  3.0421412E-05
  3.3060951E-05
  3.1990341E-05
  3.3034936E-05
  3.2322423E-05
  3.5714227E-05
  3.4481462E-05
  3.6417481E-05
  3.6558675E-05
  3.9348051E-05
  4.2483563E-05
  4.4416429E-05
  4.6591958E-05
  4.4439781E-05
  4.4613444E-05
  5.2292089E-05
  5.2922493E-05
  4.9129452E-05
  4.4250675E-05
  5.0540402E-05
  4.4495733E-05
  5.0173840E-05
  4.6303237E-05
  4.4542787E-05
  3.6595015E-05
  4.0609666E-05
  3.9553623E-05
  3.3527547E-05
  3.0565621E-05
  4.0377956E-05
  3.3845536E-05
  3.2875007E-05
  3.0660536E-05
  3.1614454E-05
  3.1745476E-05
  2.4336252E-05
  2.7290193E-05
  2.5474652E-05
  2.4734674E-05
  2.5778048E-05
  2.5895522E-05
  2.7022843E-05
  2.5373640E-05
  2.6959362E-05
  2.8782886E-05
  2.3132774E-05
  2.1939544E-05
  2.2523118E-05
  2.5660895E-05
  2.2811349E-05
  2.0723804E-05
  2.0799569E-05
  2.4849674E-05
  2.4287256E-05
  2.4525851E-05
  2.5527454E-05
  2.3479246E-05
  2.1588317E-05
  1.9552155E-05
  2.0487776E-05
  1.7921015E-05
  2.1208072E-05
  2.6166344E-05
  2.2755001E-05
  2.0480196E-05
  1.8070163E-05
  1.6711347E-05
  2.3349985E-05
  2.0760306E-05
  1.5457963E-05
  2.0366529E-05
  2.0154339E-05
  1.7684810E-05
  2.0407648E-05
  1.7913379E-05
  2.0926009E-05
  1.8090412E-05
  2.1866723E-05
  2.2309656E-05
  1.9823645E-05
  2.0104695E-05
  1.9942276E-05
  1.7303229E-05
  2.0205067E-05
  1.8387089E-05
  1.8533370E-05
  2.1015643E-05
  2.1527059E-05
  2.0972378E-05
  1.7866276E-05
  1.9386986E-05
  1.7399381E-05
  1.9150953E-05
  2.0739824E-05
  2.0005575E-05
  2.1944632E-05
  1.9195895E-05
  1.9036603E-05
  1.7027915E-05
  1.8697503E-05
  2.0444044E-05
  2.1684040E-05
  1.8915163E-05
  2.1339312E-05
  2.2701977E-05
  1.9360772E-05
  1.7992123E-05
  2.1378433E-05
  2.0327061E-05
  2.1011550E-05
  1.7035916E-05
  1.9582332E-05
  2.1563943E-05
  2.3882665E-05
  2.5075107E-05
  2.0347403E-05
  2.2067376E-05
  2.1492342E-05
  2.4291565E-05
  1.9820598E-05
  2.1556947E-05
  1.9540423E-05
  2.0166914E-05
  2.1236177E-05
  2.7706268E-05
  2.0770807E-05
  2.0832922E-05
  2.5327789E-05
  3.2258366E-05
  2.6154928E-05
  2.2570934E-05
  2.5943398E-05
  2.7729229E-05
  2.6955438E-05
  3.0297342E-05
  2.6618702E-05
  2.3046541E-05
  2.9534374E-05
  3.2663753E-05
  3.3583936E-05
  3.7799127E-05
  3.2545278E-05
  3.1249965E-05
  3.5493722E-05
  3.2177293E-05
  3.7981430E-05
  4.0585022E-05
  3.9103397E-05
  3.1370859E-05
  3.9225619E-05
  3.9396313E-05
  4.1727126E-05
  5.1740590E-05
  4.0839317E-05
  4.1934141E-05
  4.0967931E-05
  4.4161585E-05
  4.2249823E-05
  4.3466374E-05
  4.4631361E-05
  4.2041051E-05
  3.8315109E-05
  3.3461209E-05
  3.8937025E-05
  4.8689311E-05
  3.7897844E-05
  3.7409263E-05
  3.1417741E-05
  3.3978708E-05
  3.1782805E-05
  2.9573193E-05
  3.3091790E-05
  3.2195148E-05
  2.8888107E-05
  2.6759351E-05
  2.7004804E-05
  2.1855980E-05
  2.6566562E-05
  2.2103859E-05
  2.0382309E-05
  2.2409651E-05
  2.0701338E-05
  2.0044763E-05
  1.7563414E-05
  2.3572378E-05
  1.7627486E-05
  2.1093769E-05
  1.8328432E-05
  1.6937689E-05
  1.6008997E-05
  1.6296028E-05
  1.7986451E-05
  1.9789746E-05
  1.8948338E-05
  1.6699139E-05
  1.4658708E-05
  1.6036567E-05
  1.6543374E-05
  1.8554289E-05
  1.8368723E-05
  1.5786938E-05
  2.0524383E-05
  1.7465480E-05
  1.5936406E-05
  1.6475195E-05
  1.8597493E-05
  2.0042000E-05
  2.0789525E-05
  1.7185441E-05
  1.8356088E-05
  1.8117629E-05
  1.5276213E-05
  1.7533454E-05
  1.6540678E-05
  1.8245419E-05
  1.6367270E-05
  1.8428649E-05
  1.9781561E-05
  1.8225877E-05
  1.8385481E-05
  2.2563381E-05
  1.9886947E-05
  1.6349486E-05
  1.8960738E-05
  1.9320014E-05
  2.1892631E-05
  2.0312920E-05
  1.9766920E-05
  1.7079372E-05
  2.1855323E-05
  2.3552042E-05
  2.1843678E-05
  1.6005732E-05
  2.4700914E-05
  2.3389863E-05
  2.2198454E-05
  2.0783284E-05
  2.5711246E-05
  2.9842931E-05
  2.8664093E-05
  2.5702451E-05
  3.1668082E-05
  2.8841039E-05
  3.0062189E-05
  3.4515764E-05
  2.9286535E-05
  2.8944616E-05
  3.4054414E-05
  3.3163025E-05
  3.6411642E-05
  3.7535963E-05
  4.2216718E-05
  4.0657218E-05
  4.6230489E-05
  4.7533540E-05
  4.5014916E-05
  4.2407341E-05
  5.3837390E-05
  5.3286341E-05
  5.6144152E-05
  5.8999725E-05
  5.5889246E-05
  5.5282580E-05
  5.2004383E-05
  6.1420047E-05
  4.5773366E-05
  3.7802336E-05
  4.2599237E-05
  4.3521690E-05
  3.8100716E-05
  3.8818471E-05
  3.9363942E-05
  3.4457800E-05
  3.1374155E-05
  3.1474752E-05
  3.3090633E-05
  3.2497544E-05
  2.6280364E-05
  3.2015381E-05
  2.8813227E-05
  2.8041239E-05
  2.5831358E-05
  2.4270948E-05
  2.6030853E-05
  2.4191837E-05
  2.5511576E-05
  2.6733731E-05
  2.3828243E-05
  2.8253411E-05
  2.4900899E-05
  2.1093625E-05
  2.2983326E-05
  2.1388760E-05
  2.1800755E-05
  2.8018054E-05
  2.1914875E-05
  1.9790376E-05
  2.0679270E-05
  2.0876805E-05
  2.2027743E-05
  2.0151661E-05
  1.7948725E-05
  2.0521209E-05
  2.1666858E-05
  2.0305757E-05
  2.1755712E-05
  1.9255089E-05
  1.8541336E-05
  2.0539494E-05
  2.2894574E-05
  1.7507864E-05
  1.8058447E-05
  1.7972603E-05
  2.1055310E-05
  1.8469669E-05
  1.8457180E-05
  1.8523600E-05
  2.2447992E-05
  1.8052973E-05
  1.7826891E-05
  2.4475759E-05
  2.0262696E-05
  2.2665454E-05
  1.7263357E-05
  2.0759226E-05
  2.0232479E-05
  2.0367110E-05
  1.9854242E-05
  2.0136888E-05
  2.2664532E-05
  1.4274729E-05
  2.2688089E-05
  1.9841649E-05
  1.9545330E-05
  1.9673646E-05
  2.1731035E-05
  1.9238367E-05
  2.1351318E-05
  2.2168495E-05
  2.3132814E-05
  1.9197181E-05
  1.3193137E-05
  1.7268392E-05
  1.8670175E-05
  2.0079447E-05
  2.2752061E-05
  2.4706622E-05
  2.1011041E-05
  2.1419670E-05
  1.6516320E-05
  2.2716345E-05
  2.3846325E-05
  2.2204295E-05
  2.3927763E-05
  1.7979944E-05
  2.1576379E-05
  1.6521968E-05
  2.1743839E-05
  1.9971856E-05
  2.2867582E-05
  2.5065192E-05
  2.2744365E-05
  2.3249633E-05
  2.1484359E-05
  1.9701372E-05
  2.3755101E-05
  2.1523338E-05
  2.4063937E-05
  2.5311549E-05
  2.3043456E-05
  2.6214786E-05
  2.1672262E-05
  2.2842592E-05
  2.2897488E-05
  2.9131281E-05
  2.6110920E-05
  2.3616920E-05
  2.5854599E-05
  2.7461747E-05
  2.6346148E-05
  2.9632438E-05
  2.7827933E-05
  2.5811927E-05
  2.7577942E-05
  3.4266872E-05
  3.3447966E-05
  3.4497360E-05
  3.1356969E-05
  3.3463606E-05
  3.2283217E-05
  3.9711605E-05
  3.9576575E-05
  3.7284772E-05
  4.0904481E-05
  3.9893435E-05
  4.1855492E-05
  4.4623586E-05
  3.7121314E-05
  4.2224419E-05
  3.6281210E-05
  3.5697514E-05
  4.1394847E-05
  4.2235552E-05
  4.3695760E-05
  4.4095839E-05
  4.6102366E-05
  4.2967742E-05
  4.4822267E-05
  4.8657363E-05
  3.8061735E-05
  3.5445632E-05
  3.3132750E-05
  3.6407178E-05
  4.2943171E-05
  3.8101702E-05
  3.6587047E-05
  3.3755059E-05
  3.0748248E-05
  3.3404496E-05
  3.4022636E-05
  2.9582534E-05
  2.5213929E-05
  2.6499652E-05
  2.9554132E-05
  2.4236049E-05
  2.9609957E-05
  2.7903870E-05
  2.1705375E-05
  2.5308551E-05
  2.1310325E-05
  1.8184444E-05
  2.0862226E-05
  2.0759466E-05
  1.9725392E-05
  1.9016274E-05
  2.1087237E-05
  1.8965296E-05
  2.0853486E-05
  1.6110167E-05
  1.9885962E-05
  1.8741524E-05
  1.9550329E-05
  1.8188370E-05
  1.7954668E-05
  1.6362925E-05
  1.6382750E-05
  1.6040516E-05
  1.8042017E-05
  1.8575091E-05
  1.6995826E-05
  1.9829604E-05
  1.6510456E-05
  1.7767068E-05
  1.7235267E-05
  1.8072013E-05
  1.8722463E-05
  1.9413343E-05
  1.6485652E-05
  2.1763457E-05
  1.8611974E-05
  2.1047599E-05
  1.4376503E-05
  1.7243270E-05
  1.9761779E-05
  1.7909353E-05
  1.9025772E-05
  1.7169732E-05
  1.6149970E-05
  1.7367793E-05
  1.8431618E-05
  2.0644944E-05
  1.8082730E-05
  1.8879800E-05
  2.1002950E-05
  2.0301028E-05
  2.0462776E-05
  1.8413477E-05
  1.9061375E-05
  2.4171206E-05
  2.2492095E-05
  2.0336867E-05
  2.2047087E-05
  2.5395888E-05
  2.6133448E-05
  2.3307428E-05
  1.8165440E-05
  2.5970874E-05
  2.3141265E-05
  2.3145336E-05
  2.6222306E-05
  2.4811839E-05
  2.7843344E-05
  2.6818232E-05
  2.5988056E-05
  2.6817688E-05
  2.7757116E-05
  3.1672866E-05
  3.2536103E-05
  3.4864235E-05
  3.5727458E-05
  3.5296722E-05
  3.9211001E-05
  4.6422007E-05
  4.7794554E-05
  4.6364774E-05
  6.3634820E-05
  5.7489116E-05
  5.9119880E-05
  4.8019268E-05
  5.8482085E-05
  6.3311978E-05
  6.9593167E-05
  6.0034941E-05
  5.1420186E-05
  5.5784996E-05
  4.8113201E-05
  4.9954640E-05
  5.0346815E-05
  5.4379976E-05
  4.6926740E-05
  5.0152801E-05
  4.0890063E-05
  4.1908894E-05
  3.6871217E-05
  3.6264082E-05
  3.3399268E-05
  3.6327983E-05
  3.5242363E-05
  2.9920750E-05
  2.9751560E-05
  3.2809778E-05
  2.8407354E-05
  2.7429807E-05
  2.3824772E-05
  2.0989002E-05
  2.7474509E-05
  2.4134037E-05
  2.8447595E-05
  2.5109215E-05
  2.5270005E-05
  2.4757730E-05
  2.2203183E-05
  1.9007903E-05
  2.3069577E-05
  2.1041560E-05
  1.8501561E-05
  1.7009284E-05
  2.0077032E-05
  2.1412810E-05
  2.0395672E-05
  2.2974838E-05
  2.1028180E-05
  1.9860929E-05
  2.3853256E-05
  2.2891380E-05
  2.2746859E-05
  1.7787181E-05
  2.1248250E-05
  1.6877184E-05
  1.7350589E-05
  2.1542095E-05
  2.2394612E-05
  2.1121745E-05
  1.7664142E-05
  2.2295277E-05
  1.9751060E-05
  2.1352371E-05
  1.9610197E-05
  2.2983446E-05
  2.1431073E-05
  2.2253640E-05
  1.8000666E-05
  1.9018516E-05
  2.1573382E-05
  2.3568320E-05
  2.3374772E-05
  2.0979154E-05
  1.7627322E-05
  1.7571254E-05
  1.8816207E-05
  2.2594346E-05
  2.3281884E-05
  2.5519159E-05
  7.5367034E-06
  9.3389190E-06
  9.7551228E-06
  9.2099326E-06
  8.1580474E-06
  1.1811163E-05
  1.1493841E-05
  9.9398549E-06
  9.6154163E-06
  8.7093731E-06
  9.8031051E-06
  9.0275744E-06
  1.0518752E-05
  1.0247970E-05
  1.0617125E-05
  1.1097963E-05
  1.1589535E-05
  1.1875426E-05
  9.5624764E-06
  1.1176096E-05
  1.2592099E-05
  1.3160519E-05
  1.2371916E-05
  1.4536682E-05
  1.1867014E-05
  7.8550083E-06
  1.0584928E-05
  9.6175254E-06
  9.0793437E-06
  1.4042551E-05
  1.3391005E-05
  1.4204782E-05
  1.2985362E-05
  1.0730156E-05
  1.1418485E-05
  1.2526632E-05
  1.2566435E-05
  1.5248120E-05
  1.4425013E-05
  1.2911787E-05
  1.4483482E-05
  1.2633607E-05
  1.4461174E-05
  1.1758320E-05
  1.4665482E-05
  1.4078476E-05
  1.5058679E-05
  1.6951806E-05
  1.4603918E-05
  1.4050917E-05
  1.4282330E-05
  1.2246195E-05
  1.2069611E-05
  1.3425902E-05
  1.7198739E-05
  1.2429747E-05
  1.6351369E-05
  1.2822454E-05
  1.5212285E-05
  1.8215567E-05
  1.9867195E-05
  1.8790002E-05
  2.1262247E-05
  2.2185839E-05
  2.3132790E-05
  2.2050224E-05
  1.4030976E-05
  1.6140233E-05
  2.1289952E-05
  2.2192562E-05
  1.9684709E-05
  1.7750601E-05
  2.1389440E-05
  2.2588902E-05
  1.9382134E-05
  2.1458321E-05
  2.2894697E-05
  2.3856121E-05
  2.2886759E-05
  1.5256261E-05
  1.7119795E-05
  1.8520625E-05
  2.0810625E-05
  1.7088325E-05
  1.9002129E-05
  2.1606969E-05
  1.6400589E-05
  1.8858149E-05
  1.5490661E-05
  1.7910244E-05
  1.8185743E-05
  1.6551679E-05
  1.3734711E-05
  1.2686932E-05
  1.3432927E-05
  1.1189814E-05
  1.4121164E-05
  1.4528246E-05
  1.1431416E-05
  1.2036076E-05
  1.3030568E-05
  9.0044450E-06
  1.0262114E-05
  1.1430842E-05
  1.0748374E-05
  1.0998289E-05
  9.5923560E-06
  1.1640697E-05
  6.5768622E-06
  7.6459883E-06
  8.5192542E-06
  6.4005317E-06
  8.2506340E-06
  7.8204057E-06
  1.1251630E-05
  1.1293922E-05
  8.3484101E-06
  8.1227718E-06
  8.4053454E-06
  5.7168995E-06
  1.1086301E-05
  7.5920279E-06
  3.2665844E-06
  6.9758689E-06
  1.0047697E-05
  1.0621309E-05
  8.7622357E-06
  1.0303428E-05
  9.5765263E-06
  7.1975637E-06
  9.6590420E-06
  1.2659623E-05
  1.0232746E-05
  1.0445403E-05
  1.0383525E-05
  1.0453357E-05
  7.9834626E-06
  7.8649291E-06
  9.6314370E-06
  5.8175524E-06
  1.0572020E-05
  1.0820228E-05
  1.0597892E-05
  9.8658775E-06
  8.9663481E-06
  1.1083715E-05
  1.0938446E-05
  7.5810281E-06
  7.3614469E-06
  8.3674640E-06
  8.9232472E-06
  1.3090393E-05
  1.0128154E-05
  8.8843217E-06
  8.1891994E-06
  1.0710917E-05
  1.2518917E-05
  1.1501681E-05
  1.1835495E-05
  1.2130530E-05
  1.1326360E-05
  1.1014471E-05
  1.1871953E-05
  1.6313468E-05
  1.1713652E-05
  1.2317540E-05
  1.2001585E-05
  1.7586857E-05
  1.6275106E-05
  1.9530376E-05
  1.7085542E-05
  1.9092713E-05
  1.6621183E-05
  2.2755092E-05
  2.2081935E-05
  2.3301433E-05
  2.6148047E-05
  2.4192108E-05
  1.9985899E-05
  2.7790844E-05
  2.7961874E-05
  2.9769382E-05
  2.8953980E-05
  2.7912913E-05
  2.8231594E-05
  2.1864691E-05
  3.4652217E-05
  2.6836487E-05
  2.3823854E-05
  2.7390479E-05
  2.7318170E-05
  2.7352753E-05
  2.2423716E-05
  1.2342450E-05
  2.1528131E-05
  2.5227217E-05
  2.1219863E-05
  2.0762085E-05
  1.9284513E-05
  1.9700567E-05
  1.6679545E-05
  1.6774002E-05
  1.7884693E-05
  1.7518249E-05
  1.4601408E-05
  1.4638576E-05
  1.2387207E-05
  1.2804546E-05
  1.4674957E-05
  1.1021682E-05
  1.1669135E-05
  1.5729074E-05
  1.3120263E-05
  1.2020175E-05
  1.2782160E-05
  1.5537315E-05
  1.3626202E-05
  1.2043580E-05
  1.1127123E-05
  1.3830138E-05
  1.2382755E-05
  1.0472706E-05
  9.9966010E-06
  1.3098189E-05
  1.4949448E-05
  1.2583366E-05
  1.2711118E-05
  1.1287944E-05
  1.1866658E-05
  1.0510475E-05
  1.0520896E-05
  1.1290848E-05
  9.1757483E-06
  9.4333864E-06
  8.5713618E-06
  1.2272770E-05
  1.0745652E-05
  9.3341332E-06
  7.1646477E-06
  9.3037779E-06
  1.3184817E-05
  9.9503986E-06
  1.0791740E-05
  8.4415406E-06
  1.1670202E-05
  1.0911389E-05
  1.1952512E-05
  8.7941999E-06
  1.1532687E-05
  1.0483207E-05
  1.2202136E-05
  1.2298570E-05
  1.0515460E-05
  8.5799484E-06
  8.9671521E-06
  9.1352003E-06
  1.0930305E-05
  8.3592276E-06
  8.7991866E-06
